2024-09-18 23:34:19.445 [info] Started local extension host with pid 296467.
2024-09-18 23:34:22.461 [info] [perf] Render performance baseline is 18ms
2024-09-18 23:35:04.212 [info] Invoking resolveAuthority(ssh-remote)...
2024-09-18 23:35:04.212 [info] [LocalProcess0][resolveAuthority(ssh-remote,1)][0ms] obtaining proxy...
2024-09-18 23:35:04.254 [info] Started local extension host with pid 298120.
2024-09-18 23:35:04.467 [info] [LocalProcess0][resolveAuthority(ssh-remote,1)][254ms] invoking...
2024-09-18 23:35:05.467 [info] [LocalProcess0][resolveAuthority(ssh-remote,1)][1255ms] waiting...
2024-09-18 23:35:06.467 [info] [LocalProcess0][resolveAuthority(ssh-remote,1)][2255ms] waiting...
2024-09-18 23:35:06.881 [info] [LocalProcess0][resolveAuthority(ssh-remote,1)][2669ms] returned Managed(1)
2024-09-18 23:35:06.881 [info] resolveAuthority(ssh-remote) returned 'Managed(1)' after 2669 ms
2024-09-18 23:35:06.882 [info] Creating a socket (renderer-Management-e31f0f5e-cae2-4e98-a262-69c7de8d5cdb)...
2024-09-18 23:35:06.882 [info] Creating a socket (renderer-ExtensionHost-ffddbab1-1106-41ce-b8c8-866e50a2fab3)...
2024-09-18 23:35:09.783 [info] Creating a socket (renderer-ExtensionHost-ffddbab1-1106-41ce-b8c8-866e50a2fab3) was successful after 2900 ms.
2024-09-18 23:35:09.784 [info] Creating a socket (renderer-Management-e31f0f5e-cae2-4e98-a262-69c7de8d5cdb) was successful after 2901 ms.
2024-09-18 23:35:11.569 [info] [perf] Render performance baseline is 20ms
2024-09-18 23:35:45.626 [info] Started local extension host with pid 298834.
2024-09-18 23:35:45.923 [info] Invoking resolveAuthority(ssh-remote)...
2024-09-18 23:35:45.923 [info] [LocalProcess0][resolveAuthority(ssh-remote,1)][0ms] obtaining proxy...
2024-09-18 23:35:45.923 [info] [LocalProcess0][resolveAuthority(ssh-remote,1)][0ms] invoking...
2024-09-18 23:35:46.115 [info] [LocalProcess0][resolveAuthority(ssh-remote,1)][192ms] returned Managed(1)
2024-09-18 23:35:46.116 [info] resolveAuthority(ssh-remote) returned 'Managed(1)' after 192 ms
2024-09-18 23:35:46.117 [info] Creating a socket (renderer-Management-dc3ed316-a89f-4077-8f00-dd2455c489f7)...
2024-09-18 23:35:46.118 [info] Creating a socket (renderer-ExtensionHost-da3e84e1-e24d-4072-8aaa-27de322c575e)...
2024-09-18 23:35:46.254 [info] Creating a socket (renderer-ExtensionHost-da3e84e1-e24d-4072-8aaa-27de322c575e) was successful after 137 ms.
2024-09-18 23:35:46.257 [info] Creating a socket (renderer-Management-dc3ed316-a89f-4077-8f00-dd2455c489f7) was successful after 140 ms.
2024-09-18 23:35:48.615 [info] [perf] Render performance baseline is 19ms
2024-09-19 01:50:22.820 [error] Unable to read file 'vscode-remote://ssh-remote+oracle/home/ubuntu/managerbot/token.txt' (Error: Unable to resolve nonexistent file 'vscode-remote://ssh-remote+oracle/home/ubuntu/managerbot/token.txt'): Error: Unable to read file 'vscode-remote://ssh-remote+oracle/home/ubuntu/managerbot/token.txt' (Error: Unable to resolve nonexistent file 'vscode-remote://ssh-remote+oracle/home/ubuntu/managerbot/token.txt')
    at r.F (vscode-file://vscode-app/opt/visual-studio-code/resources/app/out/vs/workbench/workbench.desktop.main.js:673:19434)
    at r.D (vscode-file://vscode-app/opt/visual-studio-code/resources/app/out/vs/workbench/workbench.desktop.main.js:673:19227)
    at async p.M (vscode-file://vscode-app/opt/visual-studio-code/resources/app/out/vs/workbench/workbench.desktop.main.js:2466:35620)
    at async p.readStream (vscode-file://vscode-app/opt/visual-studio-code/resources/app/out/vs/workbench/workbench.desktop.main.js:2466:35377)
    at async P.Db (vscode-file://vscode-app/opt/visual-studio-code/resources/app/out/vs/workbench/workbench.desktop.main.js:2455:12240)
    at async P.resolve (vscode-file://vscode-app/opt/visual-studio-code/resources/app/out/vs/workbench/workbench.desktop.main.js:2455:10652)
    at async vscode-file://vscode-app/opt/visual-studio-code/resources/app/out/vs/workbench/workbench.desktop.main.js:2466:31399
