2024-09-18 23:34:19.404 [info] Added views:workbench.panel.markers.view in workbench.panel.markers
2024-09-18 23:34:19.404 [info] Added views:workbench.panel.output in workbench.panel.output
2024-09-18 23:34:19.404 [info] Added views:terminal in terminal
2024-09-18 23:34:19.404 [info] Added views:outline in workbench.view.explorer
2024-09-18 23:34:19.404 [info] Added views:workbench.scm in workbench.view.scm
2024-09-18 23:34:19.404 [info] Added views:workbench.view.search in workbench.view.search
2024-09-18 23:34:19.405 [info] Added views:timeline in workbench.view.explorer
2024-09-18 23:34:19.405 [info] Added views:workbench.explorer.emptyView in workbench.view.explorer
2024-09-18 23:34:19.710 [info] Added views:github.codespaces.explorer in workbench.view.remote
2024-09-18 23:34:19.821 [info] Added views:workbench.debug.variablesView,workbench.debug.watchExpressionsView,workbench.debug.callStackView,workbench.debug.breakPointsView in workbench.view.debug
2024-09-18 23:34:19.866 [info] Added views:workbench.panel.repl.view in workbench.panel.repl
2024-09-18 23:34:19.866 [info] Removed views:workbench.debug.breakPointsView,workbench.debug.callStackView,workbench.debug.watchExpressionsView,workbench.debug.variablesView from workbench.view.debug
2024-09-18 23:34:19.867 [info] Added views:workbench.debug.welcome in workbench.view.debug
2024-09-18 23:34:20.143 [info] Added views:~remote.forwardedPorts in ~remote.forwardedPortsContainer
2024-09-18 23:35:00.933 [info] Added views:remoteTargets in workbench.view.remote
2024-09-18 23:35:04.168 [info] Added views:workbench.panel.markers.view in workbench.panel.markers
2024-09-18 23:35:04.168 [info] Added views:workbench.panel.output in workbench.panel.output
2024-09-18 23:35:04.168 [info] Added views:terminal in terminal
2024-09-18 23:35:04.168 [info] Added views:outline in workbench.view.explorer
2024-09-18 23:35:04.168 [info] Added views:workbench.scm in workbench.view.scm
2024-09-18 23:35:04.168 [info] Added views:workbench.view.search in workbench.view.search
2024-09-18 23:35:04.168 [info] Added views:timeline in workbench.view.explorer
2024-09-18 23:35:04.168 [info] Added views:workbench.explorer.emptyView in workbench.view.explorer
2024-09-18 23:35:04.435 [info] Added views:workbench.debug.variablesView,workbench.debug.watchExpressionsView,workbench.debug.callStackView,workbench.debug.breakPointsView in workbench.view.debug
2024-09-18 23:35:04.553 [info] Added views:~remote.forwardedPorts in ~remote.forwardedPortsContainer
2024-09-18 23:35:10.543 [info] Added views:github.codespaces.explorer in workbench.view.remote
2024-09-18 23:35:10.543 [info] Added views:remoteTargets in workbench.view.remote
2024-09-18 23:35:10.694 [info] Removed views:workbench.debug.breakPointsView,workbench.debug.callStackView,workbench.debug.watchExpressionsView,workbench.debug.variablesView from workbench.view.debug
2024-09-18 23:35:10.694 [info] Added views:workbench.debug.welcome in workbench.view.debug
2024-09-18 23:35:11.042 [info] Added views:workbench.panel.repl.view in workbench.panel.repl
2024-09-18 23:35:45.581 [info] Added views:workbench.panel.markers.view in workbench.panel.markers
2024-09-18 23:35:45.581 [info] Added views:workbench.panel.output in workbench.panel.output
2024-09-18 23:35:45.581 [info] Added views:terminal in terminal
2024-09-18 23:35:45.581 [info] Added views:outline in workbench.view.explorer
2024-09-18 23:35:45.581 [info] Added views:workbench.scm in workbench.view.scm
2024-09-18 23:35:45.581 [info] Added views:workbench.view.search in workbench.view.search
2024-09-18 23:35:45.581 [info] Added views:timeline in workbench.view.explorer
2024-09-18 23:35:45.581 [info] Added views:workbench.explorer.fileView in workbench.view.explorer
2024-09-18 23:35:45.854 [info] Added views:workbench.debug.variablesView,workbench.debug.watchExpressionsView,workbench.debug.callStackView,workbench.debug.breakPointsView in workbench.view.debug
2024-09-18 23:35:45.944 [info] Added views:~remote.forwardedPorts in ~remote.forwardedPortsContainer
2024-09-18 23:35:46.882 [info] Added views:github.codespaces.explorer in workbench.view.remote
2024-09-18 23:35:46.883 [info] Added views:remoteTargets in workbench.view.remote
2024-09-18 23:35:47.002 [info] Removed views:workbench.debug.breakPointsView,workbench.debug.callStackView,workbench.debug.watchExpressionsView,workbench.debug.variablesView from workbench.view.debug
2024-09-18 23:35:47.002 [info] Added views:workbench.debug.welcome in workbench.view.debug
2024-09-18 23:35:47.315 [info] Added views:workbench.panel.repl.view in workbench.panel.repl
2024-09-19 00:56:42.789 [info] Added views:workbench.scm.history in workbench.view.scm
2024-09-19 02:00:48.912 [info] Removed views:workbench.scm.history from workbench.view.scm
