2024-09-18 23:34:22.747 [error] [uncaught exception in sharedProcess]: Error: ENOENT: no such file or directory, stat '/home/alex/.vscode/extensions/extensions.json.vsctmp': EntryNotFound (FileSystemError): Error: ENOENT: no such file or directory, stat '/home/alex/.vscode/extensions/extensions.json.vsctmp'
    at o.create (/opt/visual-studio-code/resources/app/out/vs/code/node/sharedProcess/sharedProcessMain.js:54:19406)
    at u (/opt/visual-studio-code/resources/app/out/vs/code/node/sharedProcess/sharedProcessMain.js:54:19517)
    at $.hb (/opt/visual-studio-code/resources/app/out/vs/code/node/sharedProcess/sharedProcessMain.js:59:36674)
    at $.stat (/opt/visual-studio-code/resources/app/out/vs/code/node/sharedProcess/sharedProcessMain.js:59:29001)
    at async c.stat (/opt/visual-studio-code/resources/app/out/vs/code/node/sharedProcess/sharedProcessMain.js:59:14931)
    at async W.ub (/opt/visual-studio-code/resources/app/out/vs/code/node/sharedProcess/sharedProcessMain.js:105:120356)
2024-09-18 23:34:58.677 [info] Getting Manifest... ms-vscode-remote.remote-ssh
2024-09-18 23:34:58.683 [info] Installing extension: ms-vscode-remote.remote-ssh {"isMachineScoped":false,"donotIncludePackAndDependencies":false,"context":{"skipWalkthrough":true},"profileLocation":{"$mid":1,"external":"vscode-userdata:/home/alex/.vscode/extensions/extensions.json","path":"/home/alex/.vscode/extensions/extensions.json","scheme":"vscode-userdata"},"installOnlyNewlyAddedFromExtensionPack":true,"isApplicationScoped":false,"productVersion":{"version":"1.93.1","date":"2024-09-11T17:20:05.685Z"}}
2024-09-18 23:34:59.500 [info] Getting Manifest... ms-vscode-remote.remote-ssh-edit
2024-09-18 23:34:59.705 [info] Getting Manifest... ms-vscode.remote-explorer
2024-09-18 23:34:59.821 [info] Installing extension: ms-vscode-remote.remote-ssh-edit {"isMachineScoped":false,"donotIncludePackAndDependencies":false,"context":{"skipWalkthrough":true,"dependecyOrPackExtensionInstall":true},"profileLocation":{"$mid":1,"external":"vscode-userdata:/home/alex/.vscode/extensions/extensions.json","path":"/home/alex/.vscode/extensions/extensions.json","scheme":"vscode-userdata"},"installOnlyNewlyAddedFromExtensionPack":true,"isApplicationScoped":false,"productVersion":{"version":"1.93.1","date":"2024-09-11T17:20:05.685Z"}}
2024-09-18 23:34:59.821 [info] Installing extension: ms-vscode.remote-explorer {"isMachineScoped":false,"donotIncludePackAndDependencies":false,"context":{"skipWalkthrough":true,"dependecyOrPackExtensionInstall":true},"profileLocation":{"$mid":1,"external":"vscode-userdata:/home/alex/.vscode/extensions/extensions.json","path":"/home/alex/.vscode/extensions/extensions.json","scheme":"vscode-userdata"},"installOnlyNewlyAddedFromExtensionPack":true,"isApplicationScoped":false,"productVersion":{"version":"1.93.1","date":"2024-09-11T17:20:05.685Z"}}
2024-09-18 23:35:00.573 [info] Extension signature verification result for ms-vscode.remote-explorer: UnknownError. Executed: true. Duration: 11ms.
2024-09-18 23:35:00.574 [info] Extension signature verification result for ms-vscode-remote.remote-ssh: UnknownError. Executed: true. Duration: 5ms.
2024-09-18 23:35:00.615 [info] Extracted extension to file:///home/alex/.vscode/extensions/ms-vscode.remote-explorer-0.4.3: ms-vscode.remote-explorer
2024-09-18 23:35:00.621 [info] Renamed to /home/alex/.vscode/extensions/ms-vscode.remote-explorer-0.4.3
2024-09-18 23:35:00.638 [info] Extracted extension to file:///home/alex/.vscode/extensions/ms-vscode-remote.remote-ssh-0.114.3: ms-vscode-remote.remote-ssh
2024-09-18 23:35:00.644 [info] Renamed to /home/alex/.vscode/extensions/ms-vscode-remote.remote-ssh-0.114.3
2024-09-18 23:35:00.702 [error] [uncaught exception in sharedProcess]: Error: ENOENT: no such file or directory, stat '/home/alex/.vscode/extensions/extensions.json.vsctmp': EntryNotFound (FileSystemError): Error: ENOENT: no such file or directory, stat '/home/alex/.vscode/extensions/extensions.json.vsctmp'
    at o.create (/opt/visual-studio-code/resources/app/out/vs/code/node/sharedProcess/sharedProcessMain.js:54:19406)
    at u (/opt/visual-studio-code/resources/app/out/vs/code/node/sharedProcess/sharedProcessMain.js:54:19517)
    at $.hb (/opt/visual-studio-code/resources/app/out/vs/code/node/sharedProcess/sharedProcessMain.js:59:36674)
    at $.stat (/opt/visual-studio-code/resources/app/out/vs/code/node/sharedProcess/sharedProcessMain.js:59:29001)
    at async c.stat (/opt/visual-studio-code/resources/app/out/vs/code/node/sharedProcess/sharedProcessMain.js:59:14931)
    at async W.ub (/opt/visual-studio-code/resources/app/out/vs/code/node/sharedProcess/sharedProcessMain.js:105:120356)
2024-09-18 23:35:00.859 [info] Extension signature verification result for ms-vscode-remote.remote-ssh-edit: UnknownError. Executed: true. Duration: 5ms.
2024-09-18 23:35:00.894 [info] Extracted extension to file:///home/alex/.vscode/extensions/ms-vscode-remote.remote-ssh-edit-0.86.0: ms-vscode-remote.remote-ssh-edit
2024-09-18 23:35:00.901 [info] Renamed to /home/alex/.vscode/extensions/ms-vscode-remote.remote-ssh-edit-0.86.0
2024-09-18 23:35:00.911 [info] Extension installed successfully: ms-vscode.remote-explorer vscode-userdata:/home/alex/.vscode/extensions/extensions.json
2024-09-18 23:35:00.911 [info] Extension installed successfully: ms-vscode-remote.remote-ssh vscode-userdata:/home/alex/.vscode/extensions/extensions.json
2024-09-18 23:35:00.912 [info] Extension installed successfully: ms-vscode-remote.remote-ssh-edit vscode-userdata:/home/alex/.vscode/extensions/extensions.json
2024-09-18 23:35:00.979 [error] [uncaught exception in sharedProcess]: Error: ENOENT: no such file or directory, stat '/home/alex/.vscode/extensions/extensions.json.vsctmp': EntryNotFound (FileSystemError): Error: ENOENT: no such file or directory, stat '/home/alex/.vscode/extensions/extensions.json.vsctmp'
    at o.create (/opt/visual-studio-code/resources/app/out/vs/code/node/sharedProcess/sharedProcessMain.js:54:19406)
    at u (/opt/visual-studio-code/resources/app/out/vs/code/node/sharedProcess/sharedProcessMain.js:54:19517)
    at $.hb (/opt/visual-studio-code/resources/app/out/vs/code/node/sharedProcess/sharedProcessMain.js:59:36674)
    at $.stat (/opt/visual-studio-code/resources/app/out/vs/code/node/sharedProcess/sharedProcessMain.js:59:29001)
    at async c.stat (/opt/visual-studio-code/resources/app/out/vs/code/node/sharedProcess/sharedProcessMain.js:59:14931)
    at async W.ub (/opt/visual-studio-code/resources/app/out/vs/code/node/sharedProcess/sharedProcessMain.js:105:120356)
