2024-10-19 02:38:06.830 [info] [main] Log level: Info
2024-10-19 02:38:06.830 [info] [main] Validating found git in: "git"
2024-10-19 02:38:06.830 [info] [main] Using git "2.47.0" from "git"
2024-10-19 02:38:06.830 [info] [Model][doInitialScan] Initial repository scan started
2024-10-19 02:38:06.830 [info] > git rev-parse --show-toplevel [2ms]
2024-10-19 02:38:06.830 [info] > git rev-parse --git-dir --git-common-dir [6ms]
2024-10-19 02:38:06.830 [info] [Model][openRepository] Opened repository: /home/alex/temp/anime-api
2024-10-19 02:38:06.830 [info] > git rev-parse --show-toplevel [4ms]
2024-10-19 02:38:06.830 [info] > git config --get commit.template [10ms]
2024-10-19 02:38:06.830 [info] > git rev-parse --show-toplevel [11ms]
2024-10-19 02:38:06.830 [info] > git for-each-ref --format=%(refname)%00%(upstream:short)%00%(objectname)%00%(upstream:track)%00%(upstream:remotename)%00%(upstream:remoteref) refs/heads/main refs/remotes/main [8ms]
2024-10-19 02:38:06.831 [info] > git status -z -uall [23ms]
2024-10-19 02:38:06.831 [info] > git for-each-ref --sort -committerdate --format %(refname) %(objectname) %(*objectname) [16ms]
2024-10-19 02:38:06.840 [info] > git rev-parse --show-toplevel [38ms]
2024-10-19 02:38:06.840 [info] [Model][doInitialScan] Initial repository scan completed - repositories (1), closed repositories (0), parent repositories (0), unsafe repositories (0)
2024-10-19 02:38:06.862 [info] > git for-each-ref --format=%(refname)%00%(upstream:short)%00%(objectname)%00%(upstream:track)%00%(upstream:remotename)%00%(upstream:remoteref) refs/heads/main refs/remotes/main [24ms]
2024-10-19 02:38:06.877 [info] > git config --local branch.main.vscode-merge-base [9ms]
2024-10-19 02:38:06.877 [warning] [Git][config] git config failed: Failed to execute git
2024-10-19 02:38:06.883 [info] > git config --get commit.template [22ms]
2024-10-19 02:38:06.893 [info] > git reflog main --grep-reflog=branch: Created from *. [9ms]
2024-10-19 02:38:06.920 [info] > git symbolic-ref --short refs/remotes/origin/HEAD [23ms]
2024-10-19 02:38:06.920 [info] fatal: ref refs/remotes/origin/HEAD is not a symbolic ref
2024-10-19 02:38:06.920 [warning] [Repository][getDefaultBranch] Failed to get default branch details: Failed to execute git.
2024-10-19 02:38:06.927 [info] > git for-each-ref --format=%(refname)%00%(upstream:short)%00%(objectname)%00%(upstream:track)%00%(upstream:remotename)%00%(upstream:remoteref) refs/heads/main refs/remotes/main [35ms]
2024-10-19 02:38:06.939 [info] > git status -z -uall [7ms]
2024-10-19 02:38:06.939 [info] > git for-each-ref --sort -committerdate --format %(refname) %(objectname) %(*objectname) [3ms]
2024-10-19 02:38:07.297 [info] > git check-ignore -v -z --stdin [1ms]
2024-10-19 02:38:25.378 [info] > git check-ignore -v -z --stdin [2ms]
2024-10-19 02:38:26.695 [info] > git check-ignore -v -z --stdin [1ms]
2024-10-19 02:38:27.402 [info] > git show --textconv :api/server.js [9ms]
2024-10-19 02:38:27.402 [info] > git ls-files --stage -- /home/alex/temp/anime-api/api/server.js [2ms]
2024-10-19 02:38:27.411 [info] > git cat-file -s 0c3620c69e2d3d00a1ad08148a23624d0e652071 [3ms]
2024-10-19 02:38:34.341 [info] > git check-ignore -v -z --stdin [2ms]
2024-10-19 02:38:36.439 [info] > git show --textconv :package.json [4ms]
2024-10-19 02:38:36.440 [info] > git ls-files --stage -- /home/alex/temp/anime-api/package.json [1ms]
2024-10-19 02:38:36.445 [info] > git cat-file -s f3b4334b25aa0253f8ccbeca28cbc87ff551bb45 [1ms]
2024-10-19 02:38:38.788 [info] > git show --textconv :api/server.js [5ms]
2024-10-19 02:38:38.789 [info] > git ls-files --stage -- /home/alex/temp/anime-api/api/server.js [1ms]
2024-10-19 02:38:38.793 [info] > git cat-file -s 0c3620c69e2d3d00a1ad08148a23624d0e652071 [1ms]
2024-10-19 02:38:55.370 [info] > git show --textconv :src/helper/cache.helper.js [7ms]
2024-10-19 02:38:55.371 [info] > git ls-files --stage -- /home/alex/temp/anime-api/src/helper/cache.helper.js [1ms]
2024-10-19 02:38:55.377 [info] > git cat-file -s 23bf9db4b09571085601cba60c61f62ac3d6bda0 [1ms]
2024-10-19 02:38:56.416 [info] > git config --get commit.template [5ms]
2024-10-19 02:38:56.417 [info] > git for-each-ref --format=%(refname)%00%(upstream:short)%00%(objectname)%00%(upstream:track)%00%(upstream:remotename)%00%(upstream:remoteref) refs/heads/main refs/remotes/main [2ms]
2024-10-19 02:38:56.425 [info] > git status -z -uall [4ms]
2024-10-19 02:38:56.426 [info] > git for-each-ref --sort -committerdate --format %(refname) %(objectname) %(*objectname) [1ms]
2024-10-19 02:40:31.006 [info] > git show --textconv :src/helper/cache.helper.js [6ms]
2024-10-19 02:40:31.007 [info] > git ls-files --stage -- /home/alex/temp/anime-api/src/helper/cache.helper.js [1ms]
2024-10-19 02:40:31.012 [info] > git cat-file -s 23bf9db4b09571085601cba60c61f62ac3d6bda0 [1ms]
2024-10-19 02:40:34.849 [info] > git show --textconv :api/server.js [7ms]
2024-10-19 02:40:34.850 [info] > git ls-files --stage -- /home/alex/temp/anime-api/api/server.js [1ms]
2024-10-19 02:40:34.855 [info] > git cat-file -s 0c3620c69e2d3d00a1ad08148a23624d0e652071 [1ms]
2024-10-19 02:40:37.550 [info] > git check-ignore -v -z --stdin [2ms]
2024-10-19 02:40:39.941 [info] > git show --textconv :package.json [5ms]
2024-10-19 02:40:39.942 [info] > git ls-files --stage -- /home/alex/temp/anime-api/package.json [1ms]
2024-10-19 02:40:39.947 [info] > git cat-file -s f3b4334b25aa0253f8ccbeca28cbc87ff551bb45 [1ms]
2024-10-19 02:40:40.418 [info] > git show --textconv :package-lock.json [5ms]
2024-10-19 02:40:40.419 [info] > git ls-files --stage -- /home/alex/temp/anime-api/package-lock.json [2ms]
2024-10-19 02:40:41.535 [info] > git show --textconv :package.json [6ms]
2024-10-19 02:40:41.536 [info] > git ls-files --stage -- /home/alex/temp/anime-api/package.json [2ms]
2024-10-19 02:40:41.541 [info] > git cat-file -s f3b4334b25aa0253f8ccbeca28cbc87ff551bb45 [1ms]
2024-10-19 02:43:05.945 [info] > git show --textconv :api/server.js [5ms]
2024-10-19 02:43:05.946 [info] > git ls-files --stage -- /home/alex/temp/anime-api/api/server.js [1ms]
2024-10-19 02:43:05.951 [info] > git cat-file -s 0c3620c69e2d3d00a1ad08148a23624d0e652071 [1ms]
2024-10-19 02:43:32.907 [info] > git check-ignore -v -z --stdin [1ms]
2024-10-19 02:43:35.100 [info] > git show --textconv :package.json [5ms]
2024-10-19 02:43:35.100 [info] > git ls-files --stage -- /home/alex/temp/anime-api/package.json [1ms]
2024-10-19 02:43:35.106 [info] > git cat-file -s f3b4334b25aa0253f8ccbeca28cbc87ff551bb45 [1ms]
2024-10-19 02:43:51.325 [info] > git show --textconv :api/server.js [5ms]
2024-10-19 02:43:51.326 [info] > git ls-files --stage -- /home/alex/temp/anime-api/api/server.js [1ms]
2024-10-19 02:43:51.331 [info] > git cat-file -s 0c3620c69e2d3d00a1ad08148a23624d0e652071 [1ms]
2024-10-19 02:48:03.698 [info] > git show --textconv :package.json [6ms]
2024-10-19 02:48:03.698 [info] > git ls-files --stage -- /home/alex/temp/anime-api/package.json [1ms]
2024-10-19 02:48:03.703 [info] > git cat-file -s f3b4334b25aa0253f8ccbeca28cbc87ff551bb45 [1ms]
2024-10-19 02:48:13.150 [info] > git config --get commit.template [7ms]
2024-10-19 02:48:13.150 [info] > git for-each-ref --format=%(refname)%00%(upstream:short)%00%(objectname)%00%(upstream:track)%00%(upstream:remotename)%00%(upstream:remoteref) refs/heads/main refs/remotes/main [1ms]
2024-10-19 02:48:13.160 [info] > git status -z -uall [6ms]
2024-10-19 02:48:13.160 [info] > git for-each-ref --sort -committerdate --format %(refname) %(objectname) %(*objectname) [1ms]
2024-10-19 02:51:34.037 [info] > git check-ignore -v -z --stdin [1ms]
2024-10-19 02:51:36.514 [info] > git config --get commit.template [5ms]
2024-10-19 02:51:36.515 [info] > git for-each-ref --format=%(refname)%00%(upstream:short)%00%(objectname)%00%(upstream:track)%00%(upstream:remotename)%00%(upstream:remoteref) refs/heads/main refs/remotes/main [1ms]
2024-10-19 02:51:36.524 [info] > git status -z -uall [5ms]
2024-10-19 02:51:36.525 [info] > git for-each-ref --sort -committerdate --format %(refname) %(objectname) %(*objectname) [2ms]
