[23:35:45.918] Log Level: 2
[23:35:45.923] VS Code version: 1.93.1
[23:35:45.923] Remote-SSH version: remote-ssh@0.114.3
[23:35:45.923] linux x64
[23:35:45.925] SSH Resolver called for "ssh-remote+oracle", attempt 1
[23:35:45.925] "remote.SSH.useLocalServer": true
[23:35:45.925] "remote.SSH.useExecServer": true
[23:35:45.925] "remote.SSH.path": undefined
[23:35:45.926] "remote.SSH.configFile": undefined
[23:35:45.926] "remote.SSH.useFlock": true
[23:35:45.926] "remote.SSH.lockfilesInTmp": false
[23:35:45.926] "remote.SSH.localServerDownload": auto
[23:35:45.926] "remote.SSH.remoteServerListenOnSocket": false
[23:35:45.926] "remote.SSH.showLoginTerminal": false
[23:35:45.926] "remote.SSH.defaultExtensions": []
[23:35:45.926] "remote.SSH.loglevel": 2
[23:35:45.926] "remote.SSH.enableDynamicForwarding": true
[23:35:45.926] "remote.SSH.enableRemoteCommand": false
[23:35:45.926] "remote.SSH.serverPickPortsFromRange": {}
[23:35:45.927] "remote.SSH.serverInstallPath": {}
[23:35:45.927] "remote.SSH.permitPtyAllocation": false
[23:35:45.927] "remote.SSH.preferredLocalPortRange: undefined
[23:35:45.927] "remote.SSH.useCurlAndWgetConfigurationFiles: false
[23:35:45.935] SSH Resolver called for host: oracle
[23:35:45.935] Setting up SSH remote "oracle"
[23:35:45.937] Acquiring local install lock: /tmp/vscode-remote-ssh-f4e20ef7-install.lock
[23:35:45.939] Looking for existing server data file at /home/alex/.config/Code/User/globalStorage/ms-vscode-remote.remote-ssh/vscode-ssh-host-f4e20ef7-38c31bc77e0dd6ae88a4e9cc93428cc27a56ba40-0.114.3-es/data.json
[23:35:45.939] Found existing data file
[23:35:45.939] Found local server running: {"remoteListeningOn":{"port":36047},"osReleaseId":"ubuntu","arch":"aarch64","tmpDir":"/run/user/1001","platform":"linux","execServerToken":"98e06969-aa82-4de8-80ad-0a36123ee88e","pid":298141,"ipcHandlePath":"/run/user/1000/vscode-ssh-askpass-4b47295dce05b29f7e2f8a17fbf7a6ca65f64c15.sock","socksPort":37091,"startupTime":1726682704574}
[23:35:45.947] Found running server - short-circuiting install
[23:35:45.949] Starting forwarding server. local port 40089 -> socksPort 37091 -> remotePort 36047
[23:35:45.949] Forwarding server listening on port 40089
[23:35:45.950] Waiting for ssh tunnel to be ready
[23:35:45.950] [Forwarding server port 40089] Got connection 0
[23:35:45.951] Tunneled port 36047 to local port 40089
[23:35:45.951] Resolved "ssh-remote+oracle" to "port 40089"
[23:35:45.955] Initizing new exec server for ssh-remote+oracle
[23:35:45.955] Resolving exec server at port 40089
[23:35:45.975] [Forwarding server port 40089] Got connection 1
[23:35:46.104] Exec server for ssh-remote+oracle created and cached
[23:35:46.107] ------




[23:35:46.160] [server] Checking /home/ubuntu/.vscode-server/cli/servers/Stable-38c31bc77e0dd6ae88a4e9cc93428cc27a56ba40/log.txt and /home/ubuntu/.vscode-server/cli/servers/Stable-38c31bc77e0dd6ae88a4e9cc93428cc27a56ba40/pid.txt for a running server...
[23:35:46.207] [server] Found running server (pid=30418)
