[02:04:12.743] Log Level: 2
[02:04:12.746] VS Code version: 1.93.1
[02:04:12.746] Remote-SSH version: remote-ssh@0.114.3
[02:04:12.746] linux x64
[02:04:12.747] SSH Resolver called for "ssh-remote+oracle", attempt 1
[02:04:12.748] "remote.SSH.useLocalServer": true
[02:04:12.748] "remote.SSH.useExecServer": true
[02:04:12.748] "remote.SSH.path": undefined
[02:04:12.748] "remote.SSH.configFile": undefined
[02:04:12.748] "remote.SSH.useFlock": true
[02:04:12.748] "remote.SSH.lockfilesInTmp": false
[02:04:12.748] "remote.SSH.localServerDownload": auto
[02:04:12.748] "remote.SSH.remoteServerListenOnSocket": false
[02:04:12.748] "remote.SSH.showLoginTerminal": false
[02:04:12.748] "remote.SSH.defaultExtensions": []
[02:04:12.748] "remote.SSH.loglevel": 2
[02:04:12.749] "remote.SSH.enableDynamicForwarding": true
[02:04:12.749] "remote.SSH.enableRemoteCommand": false
[02:04:12.749] "remote.SSH.serverPickPortsFromRange": {}
[02:04:12.749] "remote.SSH.serverInstallPath": {}
[02:04:12.749] "remote.SSH.permitPtyAllocation": false
[02:04:12.749] "remote.SSH.preferredLocalPortRange: undefined
[02:04:12.749] "remote.SSH.useCurlAndWgetConfigurationFiles: false
[02:04:12.754] SSH Resolver called for host: oracle
[02:04:12.754] Setting up SSH remote "oracle"
[02:04:12.756] Acquiring local install lock: /tmp/vscode-remote-ssh-f4e20ef7-install.lock
[02:04:12.760] Looking for existing server data file at /home/alex/.config/Code/User/globalStorage/ms-vscode-remote.remote-ssh/vscode-ssh-host-f4e20ef7-38c31bc77e0dd6ae88a4e9cc93428cc27a56ba40-0.114.3-es/data.json
[02:04:12.760] No existing data file
[02:04:12.760] Using commit id "38c31bc77e0dd6ae88a4e9cc93428cc27a56ba40" and quality "stable" for server
[02:04:12.761] Script variables:
 {
  "InstallExitCode.24": "AlreadyInProgress",
  "InstallExitCode.25": "ServerDownloadFailed",
  "InstallExitCode.26": "NoDownloaderAvailable",
  "InstallExitCode.27": "UnsupportedArch",
  "InstallExitCode.28": "StatusCheckFailed",
  "InstallExitCode.29": "NeedInsidersArch",
  "InstallExitCode.30": "NoDownloaderAvailableForStatusCheck",
  "InstallExitCode.31": "ServerTransferFailed",
  "InstallExitCode.32": "ServerFailedToStart",
  "InstallExitCode.33": "NeedInsidersWindows",
  "InstallExitCode.34": "CreateInstallDirFailed",
  "InstallExitCode.35": "UnsupportedPlatform",
  "InstallExitCode.36": "ServerTerminatedCVE20201416",
  "InstallExitCode.37": "UnpackFailed",
  "InstallExitCode.38": "ChangeDirFailed",
  "InstallExitCode.AlreadyInProgress": "24",
  "InstallExitCode.ServerDownloadFailed": "25",
  "InstallExitCode.NoDownloaderAvailable": "26",
  "InstallExitCode.NoDownloaderAvailableForStatusCheck": "30",
  "InstallExitCode.UnsupportedArch": "27",
  "InstallExitCode.StatusCheckFailed": "28",
  "InstallExitCode.NeedInsidersArch": "29",
  "InstallExitCode.ServerTransferFailed": "31",
  "InstallExitCode.ServerFailedToStart": "32",
  "InstallExitCode.NeedInsidersWindows": "33",
  "InstallExitCode.CreateInstallDirFailed": "34",
  "InstallExitCode.UnsupportedPlatform": "35",
  "InstallExitCode.ServerTerminatedCVE20201416": "36",
  "InstallExitCode.UnpackFailed": "37",
  "InstallExitCode.ChangeDirFailed": "38",
  "InstallUnpackCode.Success": "success",
  "InstallUnpackCode.Error": "error",
  "InstallUnpackCode.MissingFiles": "missingFiles",
  "uuid": "3fbf52f0f842",
  "startMarker": "3fbf52f0f842: running",
  "commitId": "38c31bc77e0dd6ae88a4e9cc93428cc27a56ba40",
  "quality": "stable",
  "token": "1111a111-1111-11a1-1111-1a1a1aa1a11a",
  "vscodeAgentFolder": "$HOME/.vscode-server",
  "allowClientDownload": "1",
  "forceClientDownload": "0",
  "cliNameInArchive": "code",
  "ignoreWgetConfigFlag": " --no-config ",
  "ignoreCurlConfigFlag": " --disable ",
  "wgetTriesSegment": "--tries=1",
  "listenArgs": "--on-host=127.0.0.1 --on-port",
  "getDownloadServerStartTrigger": "3fbf52f0f842:trigger_server_download",
  "getDownloadServerEndTrigger": "3fbf52f0f842:trigger_server_download_end",
  "getProgressDownloading": "3fbf52f0f842%%1%%",
  "getProgressInstalling": "3fbf52f0f842%%2%%"
}
[02:04:12.763] Install and start server if needed
[02:04:12.766] PATH: /home/alex/.local/bin:/usr/condabin:/usr/local/sbin:/usr/local/bin:/usr/bin:/opt/android-ndk:/usr/lib/jvm/default/bin:/usr/bin/site_perl:/usr/bin/vendor_perl:/usr/bin/core_perl:/home/alex/.local/share/bin
[02:04:12.766] Checking ssh with "ssh -V"
[02:04:12.775] > OpenSSH_9.8p1, OpenSSL 3.3.2 3 Sep 2024

[02:04:12.777] askpass server listening on /run/user/1000/vscode-ssh-askpass-07f1508a51b207f38589417c530419774a58de1e.sock
[02:04:12.777] Spawning local server with {"serverId":1,"ipcHandlePath":"/run/user/1000/vscode-ssh-askpass-6bdced8a6706b330dca2d37520b389bce8a0043c.sock","sshCommand":"ssh","sshArgs":["-v","-T","-D","35657","-o","ConnectTimeout=15","oracle"],"serverDataFolderName":".vscode-server","dataFilePath":"/home/alex/.config/Code/User/globalStorage/ms-vscode-remote.remote-ssh/vscode-ssh-host-f4e20ef7-38c31bc77e0dd6ae88a4e9cc93428cc27a56ba40-0.114.3-es/data.json"}
[02:04:12.777] Local server env: {"SHELL":"/usr/bin/fish","DISPLAY":":1","ELECTRON_RUN_AS_NODE":"1","SSH_ASKPASS":"/home/alex/.vscode/extensions/ms-vscode-remote.remote-ssh-0.114.3/out/local-server/askpass.sh","VSCODE_SSH_ASKPASS_NODE":"/opt/visual-studio-code/code","VSCODE_SSH_ASKPASS_EXTRA_ARGS":"","VSCODE_SSH_ASKPASS_MAIN":"/home/alex/.vscode/extensions/ms-vscode-remote.remote-ssh-0.114.3/out/askpass-main.js","VSCODE_SSH_ASKPASS_HANDLE":"/run/user/1000/vscode-ssh-askpass-07f1508a51b207f38589417c530419774a58de1e.sock"}
[02:04:12.781] Spawned 504234
[02:04:12.870] > local-server-1> Running ssh connection command: ssh -v -T -D 35657 -o ConnectTimeout=15 oracle
[02:04:12.875] > local-server-1> Spawned ssh, pid=504242
[02:04:12.877] stderr> OpenSSH_9.8p1, OpenSSL 3.3.2 3 Sep 2024
[02:04:13.059] stderr> debug1: Server host key: ssh-ed25519 SHA256:Wp4vqeN44Nhcwud1buLafn3ChdilgZpLihXlN1E+qIE
[02:04:13.324] stderr> Authenticated to 140.238.241.42 ([140.238.241.42]:22) using "publickey".
[02:04:13.773] > Welcome to Ubuntu 20.04.6 LTS (GNU/Linux 5.15.0-1059-oracle aarch64)
> 
>  * Documentation:  https://help.ubuntu.com
>  * Management:     https://landscape.canonical.com
>  * Support:        https://ubuntu.com/pro
> 
>  System information as of Wed Sep 18 20:34:13 UTC 2024
> 
>   System load:  0.0               Processes:               184
>   Usage of /:   7.3% of 44.96GB   Users logged in:         1
>   Memory usage: 3%                IPv4 address for enp0s6: 10.0.0.93
>   Swap usage:   0%
> 
> 
> Expanded Security Maintenance for Applications is not enabled.
> 
> 0 updates can be applied immediately.
> 
> 7 additional security updates can be applied with ESM Apps.
> Learn more about enabling ESM Apps service at https://ubuntu.com/esm
> 
> New release '22.04.5 LTS' available.
> Run 'do-release-upgrade' to upgrade to it.
> 
> 
> *** System restart required ***
[02:04:13.815] > ready: 3fbf52f0f842
[02:04:13.857] > Linux 5.15.0-1059-oracle #65~20.04.1-Ubuntu SMP Fri Apr 19 19:01:19 UTC 2024
[02:04:13.857] Platform: linux
[02:04:13.898] > /bin/bash
[02:04:13.898] Parent Shell: bash
[02:04:13.898] Parent Shell pid: 504234
[02:04:13.941] > 38527
[02:04:13.941] Waiting for pid of spawned 'sh' subshell: '38527'...
[02:04:13.989] > 3fbf52f0f842: running
> Script executing under PID: 38527
[02:04:13.995] > Found existing installation at /home/ubuntu/.vscode-server...
> Starting VS Code CLI...
> printenv:
[02:04:13.996] >     USER=ubuntu
>     SSH_CLIENT=146.196.47.135 36326 22
>     XDG_SESSION_TYPE=tty
>     SHLVL=1
>     MOTD_SHOWN=pam
>     HOME=/home/ubuntu
>     DBUS_SESSION_BUS_ADDRESS=unix:path=/run/user/1001/bus
>     LOGNAME=ubuntu
>     _=/usr/bin/sh
>     XDG_SESSION_CLASS=user
>     XDG_SESSION_ID=9
>     PATH=/usr/local/sbin:/usr/local/bin:/usr/sbin:/usr/bin:/sbin:/bin:/usr/games:/usr/local/games:/snap/bin
>     XDG_RUNTIME_DIR=/run/user/1001
>     LANG=C.UTF-8
>     SHELL=/bin/bash
>     PWD=/home/ubuntu
>     SSH_CONNECTION=146.196.47.135 36326 10.0.0.93 22
>     XDG_DATA_DIRS=/usr/local/share:/usr/share:/var/lib/snapd/desktop
[02:04:13.997] > Removing old logfile at /home/ubuntu/.vscode-server/.cli.38c31bc77e0dd6ae88a4e9cc93428cc27a56ba40.log
[02:04:13.998] > Spawned remote CLI: 38545
[02:04:14.004] > Waiting for server log...
[02:04:14.039] > 3fbf52f0f842: start
> listeningOn==127.0.0.1:36657==
> osReleaseId==ubuntu==
> arch==aarch64==
> vscodeArch==arm64==
> bitness==64==
> tmpDir==/run/user/1001==
> platform==linux==
> unpackResult====
> didLocalDownload==0==
> downloadTime====
> installTime====
> serverStartTime==41==
> execServerToken==1111a111-1111-11a1-1111-1a1a1aa1a11a==
> platformDownloadPath==cli-alpine-arm64==
> 3fbf52f0f842: end
[02:04:14.039] Received install output: 
listeningOn==127.0.0.1:36657==
osReleaseId==ubuntu==
arch==aarch64==
vscodeArch==arm64==
bitness==64==
tmpDir==/run/user/1001==
platform==linux==
unpackResult====
didLocalDownload==0==
downloadTime====
installTime====
serverStartTime==41==
execServerToken==1111a111-1111-11a1-1111-1a1a1aa1a11a==
platformDownloadPath==cli-alpine-arm64==

[02:04:14.039] Remote server is listening on port 36657
[02:04:14.039] Parsed server configuration: {"serverConfiguration":{"remoteListeningOn":{"port":36657},"osReleaseId":"ubuntu","arch":"aarch64","tmpDir":"/run/user/1001","platform":"linux","execServerToken":"1111a111-1111-11a1-1111-1a1a1aa1a11a"},"serverStartTime":41,"installUnpackCode":""}
[02:04:14.039] ** Note: Support for architecture "aarch64" is in preview **
[02:04:14.039] Persisting server connection details to /home/alex/.config/Code/User/globalStorage/ms-vscode-remote.remote-ssh/vscode-ssh-host-f4e20ef7-38c31bc77e0dd6ae88a4e9cc93428cc27a56ba40-0.114.3-es/data.json
[02:04:14.042] Starting forwarding server. local port 42995 -> socksPort 35657 -> remotePort 36657
[02:04:14.042] Forwarding server listening on port 42995
[02:04:14.042] Waiting for ssh tunnel to be ready
[02:04:14.042] [Forwarding server port 42995] Got connection 0
[02:04:14.043] Tunneled port 36657 to local port 42995
[02:04:14.043] Resolved "ssh-remote+oracle" to "port 42995"
[02:04:14.047] Initizing new exec server for ssh-remote+oracle
[02:04:14.047] Resolving exec server at port 42995
[02:04:14.063] [Forwarding server port 42995] Got connection 1
[02:04:14.190] Exec server for ssh-remote+oracle created and cached
[02:04:14.193] ------




[02:04:14.245] [server] Checking /home/ubuntu/.vscode-server/cli/servers/Stable-38c31bc77e0dd6ae88a4e9cc93428cc27a56ba40/log.txt and /home/ubuntu/.vscode-server/cli/servers/Stable-38c31bc77e0dd6ae88a4e9cc93428cc27a56ba40/pid.txt for a running server...
[02:04:14.286] [server] Found running server (pid=30418)
