2024-10-21 03:08:26.443 [info] Started local extension host with pid 342336.
2024-10-21 03:08:29.080 [info] [perf] Render performance baseline is 21ms
2024-10-21 03:12:23.671 [error] Unable to read file '/home/alex/workflow/anime-api/api/middlewares/errorHandler.js' (Error: Unable to resolve nonexistent file '/home/alex/workflow/anime-api/api/middlewares/errorHandler.js'): Error: Unable to read file '/home/alex/workflow/anime-api/api/middlewares/errorHandler.js' (Error: Unable to resolve nonexistent file '/home/alex/workflow/anime-api/api/middlewares/errorHandler.js')
    at Git.F (vscode-file://vscode-app/opt/visual-studio-code/resources/app/out/vs/workbench/workbench.desktop.main.js:3072:69639)
    at Git.D (vscode-file://vscode-app/opt/visual-studio-code/resources/app/out/vs/workbench/workbench.desktop.main.js:3072:69464)
    at async ost.M (vscode-file://vscode-app/opt/visual-studio-code/resources/app/out/vs/workbench/workbench.desktop.main.js:3073:8797)
    at async ost.readStream (vscode-file://vscode-app/opt/visual-studio-code/resources/app/out/vs/workbench/workbench.desktop.main.js:3073:8572)
    at async $ue.Db (vscode-file://vscode-app/opt/visual-studio-code/resources/app/out/vs/workbench/workbench.desktop.main.js:1279:11960)
    at async $ue.resolve (vscode-file://vscode-app/opt/visual-studio-code/resources/app/out/vs/workbench/workbench.desktop.main.js:1279:10435)
    at async sst.W (vscode-file://vscode-app/opt/visual-studio-code/resources/app/out/vs/workbench/workbench.desktop.main.js:3073:5430)
    at async q8e.r (vscode-file://vscode-app/opt/visual-studio-code/resources/app/out/vs/workbench/workbench.desktop.main.js:1279:20849)
    at async nfi.acquire (vscode-file://vscode-app/opt/visual-studio-code/resources/app/out/vs/workbench/workbench.desktop.main.js:25:3125)
    at async G8e.createModelReference (vscode-file://vscode-app/opt/visual-studio-code/resources/app/out/vs/workbench/workbench.desktop.main.js:1279:22405)
2024-10-21 03:12:24.380 [error] Error: The editor could not be opened because the file was not found.
    at Dme.gc (vscode-file://vscode-app/opt/visual-studio-code/resources/app/out/vs/workbench/workbench.desktop.main.js:2068:31797)
    at async Dme.setInput (vscode-file://vscode-app/opt/visual-studio-code/resources/app/out/vs/workbench/workbench.desktop.main.js:2068:30955)
    at async NVe.U (vscode-file://vscode-app/opt/visual-studio-code/resources/app/out/vs/workbench/workbench.desktop.main.js:667:100849)
    at async NVe.M (vscode-file://vscode-app/opt/visual-studio-code/resources/app/out/vs/workbench/workbench.desktop.main.js:667:99400)
    at async NVe.openEditor (vscode-file://vscode-app/opt/visual-studio-code/resources/app/out/vs/workbench/workbench.desktop.main.js:667:98482)
    at async vscode-file://vscode-app/opt/visual-studio-code/resources/app/out/vs/workbench/workbench.desktop.main.js:779:23636
    at async P8e.M (vscode-file://vscode-app/opt/visual-studio-code/resources/app/out/vs/workbench/workbench.desktop.main.js:1261:28714)
    at async P8e.openCodeEditor (vscode-file://vscode-app/opt/visual-studio-code/resources/app/out/vs/workbench/workbench.desktop.main.js:1261:20015)
    at async $5.n (vscode-file://vscode-app/opt/visual-studio-code/resources/app/out/vs/workbench/workbench.desktop.main.js:406:25527)
    at async $5.m (vscode-file://vscode-app/opt/visual-studio-code/resources/app/out/vs/workbench/workbench.desktop.main.js:406:25325)
2024-10-21 03:19:42.322 [error] Unable to read file '/home/alex/workflow/anime-api/api/routes/apiRoutes.js' (Error: Unable to resolve nonexistent file '/home/alex/workflow/anime-api/api/routes/apiRoutes.js'): Error: Unable to read file '/home/alex/workflow/anime-api/api/routes/apiRoutes.js' (Error: Unable to resolve nonexistent file '/home/alex/workflow/anime-api/api/routes/apiRoutes.js')
    at Git.F (vscode-file://vscode-app/opt/visual-studio-code/resources/app/out/vs/workbench/workbench.desktop.main.js:3072:69639)
    at Git.D (vscode-file://vscode-app/opt/visual-studio-code/resources/app/out/vs/workbench/workbench.desktop.main.js:3072:69464)
    at async ost.M (vscode-file://vscode-app/opt/visual-studio-code/resources/app/out/vs/workbench/workbench.desktop.main.js:3073:8797)
    at async ost.readStream (vscode-file://vscode-app/opt/visual-studio-code/resources/app/out/vs/workbench/workbench.desktop.main.js:3073:8572)
    at async $ue.Db (vscode-file://vscode-app/opt/visual-studio-code/resources/app/out/vs/workbench/workbench.desktop.main.js:1279:11960)
    at async $ue.resolve (vscode-file://vscode-app/opt/visual-studio-code/resources/app/out/vs/workbench/workbench.desktop.main.js:1279:10435)
    at async sst.W (vscode-file://vscode-app/opt/visual-studio-code/resources/app/out/vs/workbench/workbench.desktop.main.js:3073:5430)
    at async q8e.r (vscode-file://vscode-app/opt/visual-studio-code/resources/app/out/vs/workbench/workbench.desktop.main.js:1279:20849)
    at async nfi.acquire (vscode-file://vscode-app/opt/visual-studio-code/resources/app/out/vs/workbench/workbench.desktop.main.js:25:3125)
    at async G8e.createModelReference (vscode-file://vscode-app/opt/visual-studio-code/resources/app/out/vs/workbench/workbench.desktop.main.js:1279:22405)
2024-10-21 03:19:42.545 [error] Error: The editor could not be opened because the file was not found.
    at Dme.gc (vscode-file://vscode-app/opt/visual-studio-code/resources/app/out/vs/workbench/workbench.desktop.main.js:2068:31797)
    at async Dme.setInput (vscode-file://vscode-app/opt/visual-studio-code/resources/app/out/vs/workbench/workbench.desktop.main.js:2068:30955)
    at async NVe.U (vscode-file://vscode-app/opt/visual-studio-code/resources/app/out/vs/workbench/workbench.desktop.main.js:667:100849)
    at async NVe.M (vscode-file://vscode-app/opt/visual-studio-code/resources/app/out/vs/workbench/workbench.desktop.main.js:667:99400)
    at async NVe.openEditor (vscode-file://vscode-app/opt/visual-studio-code/resources/app/out/vs/workbench/workbench.desktop.main.js:667:98482)
    at async vscode-file://vscode-app/opt/visual-studio-code/resources/app/out/vs/workbench/workbench.desktop.main.js:779:23636
    at async P8e.M (vscode-file://vscode-app/opt/visual-studio-code/resources/app/out/vs/workbench/workbench.desktop.main.js:1261:28714)
    at async P8e.openCodeEditor (vscode-file://vscode-app/opt/visual-studio-code/resources/app/out/vs/workbench/workbench.desktop.main.js:1261:20015)
    at async $5.n (vscode-file://vscode-app/opt/visual-studio-code/resources/app/out/vs/workbench/workbench.desktop.main.js:406:25527)
    at async $5.m (vscode-file://vscode-app/opt/visual-studio-code/resources/app/out/vs/workbench/workbench.desktop.main.js:406:25325)
2024-10-21 03:20:38.482 [error] Unable to read file '/home/alex/workflow/anime-api/api/routes/animeInfo.route.js' (Error: Unable to resolve nonexistent file '/home/alex/workflow/anime-api/api/routes/animeInfo.route.js'): Error: Unable to read file '/home/alex/workflow/anime-api/api/routes/animeInfo.route.js' (Error: Unable to resolve nonexistent file '/home/alex/workflow/anime-api/api/routes/animeInfo.route.js')
    at Git.F (vscode-file://vscode-app/opt/visual-studio-code/resources/app/out/vs/workbench/workbench.desktop.main.js:3072:69639)
    at Git.D (vscode-file://vscode-app/opt/visual-studio-code/resources/app/out/vs/workbench/workbench.desktop.main.js:3072:69464)
    at async ost.M (vscode-file://vscode-app/opt/visual-studio-code/resources/app/out/vs/workbench/workbench.desktop.main.js:3073:8797)
    at async ost.readStream (vscode-file://vscode-app/opt/visual-studio-code/resources/app/out/vs/workbench/workbench.desktop.main.js:3073:8572)
    at async $ue.Db (vscode-file://vscode-app/opt/visual-studio-code/resources/app/out/vs/workbench/workbench.desktop.main.js:1279:11960)
    at async $ue.resolve (vscode-file://vscode-app/opt/visual-studio-code/resources/app/out/vs/workbench/workbench.desktop.main.js:1279:10435)
    at async sst.W (vscode-file://vscode-app/opt/visual-studio-code/resources/app/out/vs/workbench/workbench.desktop.main.js:3073:5430)
    at async q8e.r (vscode-file://vscode-app/opt/visual-studio-code/resources/app/out/vs/workbench/workbench.desktop.main.js:1279:20849)
    at async nfi.acquire (vscode-file://vscode-app/opt/visual-studio-code/resources/app/out/vs/workbench/workbench.desktop.main.js:25:3125)
    at async G8e.createModelReference (vscode-file://vscode-app/opt/visual-studio-code/resources/app/out/vs/workbench/workbench.desktop.main.js:1279:22405)
2024-10-21 03:20:38.507 [error] Unable to read file '/home/alex/workflow/anime-api/api/routes/category.route.js' (Error: Unable to resolve nonexistent file '/home/alex/workflow/anime-api/api/routes/category.route.js'): Error: Unable to read file '/home/alex/workflow/anime-api/api/routes/category.route.js' (Error: Unable to resolve nonexistent file '/home/alex/workflow/anime-api/api/routes/category.route.js')
    at Git.F (vscode-file://vscode-app/opt/visual-studio-code/resources/app/out/vs/workbench/workbench.desktop.main.js:3072:69639)
    at Git.D (vscode-file://vscode-app/opt/visual-studio-code/resources/app/out/vs/workbench/workbench.desktop.main.js:3072:69464)
    at async ost.M (vscode-file://vscode-app/opt/visual-studio-code/resources/app/out/vs/workbench/workbench.desktop.main.js:3073:8797)
    at async ost.readStream (vscode-file://vscode-app/opt/visual-studio-code/resources/app/out/vs/workbench/workbench.desktop.main.js:3073:8572)
    at async $ue.Db (vscode-file://vscode-app/opt/visual-studio-code/resources/app/out/vs/workbench/workbench.desktop.main.js:1279:11960)
    at async $ue.resolve (vscode-file://vscode-app/opt/visual-studio-code/resources/app/out/vs/workbench/workbench.desktop.main.js:1279:10435)
    at async sst.W (vscode-file://vscode-app/opt/visual-studio-code/resources/app/out/vs/workbench/workbench.desktop.main.js:3073:5430)
    at async q8e.r (vscode-file://vscode-app/opt/visual-studio-code/resources/app/out/vs/workbench/workbench.desktop.main.js:1279:20849)
    at async nfi.acquire (vscode-file://vscode-app/opt/visual-studio-code/resources/app/out/vs/workbench/workbench.desktop.main.js:25:3125)
    at async G8e.createModelReference (vscode-file://vscode-app/opt/visual-studio-code/resources/app/out/vs/workbench/workbench.desktop.main.js:1279:22405)
2024-10-21 03:20:39.031 [error] Error: The editor could not be opened because the file was not found.
    at Dme.gc (vscode-file://vscode-app/opt/visual-studio-code/resources/app/out/vs/workbench/workbench.desktop.main.js:2068:31797)
    at async Dme.setInput (vscode-file://vscode-app/opt/visual-studio-code/resources/app/out/vs/workbench/workbench.desktop.main.js:2068:30955)
    at async NVe.U (vscode-file://vscode-app/opt/visual-studio-code/resources/app/out/vs/workbench/workbench.desktop.main.js:667:100849)
    at async NVe.M (vscode-file://vscode-app/opt/visual-studio-code/resources/app/out/vs/workbench/workbench.desktop.main.js:667:99400)
    at async NVe.openEditor (vscode-file://vscode-app/opt/visual-studio-code/resources/app/out/vs/workbench/workbench.desktop.main.js:667:98482)
    at async vscode-file://vscode-app/opt/visual-studio-code/resources/app/out/vs/workbench/workbench.desktop.main.js:779:23636
    at async P8e.M (vscode-file://vscode-app/opt/visual-studio-code/resources/app/out/vs/workbench/workbench.desktop.main.js:1261:28714)
    at async P8e.openCodeEditor (vscode-file://vscode-app/opt/visual-studio-code/resources/app/out/vs/workbench/workbench.desktop.main.js:1261:20015)
    at async $5.n (vscode-file://vscode-app/opt/visual-studio-code/resources/app/out/vs/workbench/workbench.desktop.main.js:406:25527)
    at async $5.m (vscode-file://vscode-app/opt/visual-studio-code/resources/app/out/vs/workbench/workbench.desktop.main.js:406:25325)
2024-10-21 03:20:47.470 [error] Error: The editor could not be opened because the file was not found.
    at Dme.gc (vscode-file://vscode-app/opt/visual-studio-code/resources/app/out/vs/workbench/workbench.desktop.main.js:2068:31797)
    at async Dme.setInput (vscode-file://vscode-app/opt/visual-studio-code/resources/app/out/vs/workbench/workbench.desktop.main.js:2068:30955)
    at async NVe.U (vscode-file://vscode-app/opt/visual-studio-code/resources/app/out/vs/workbench/workbench.desktop.main.js:667:100849)
    at async NVe.M (vscode-file://vscode-app/opt/visual-studio-code/resources/app/out/vs/workbench/workbench.desktop.main.js:667:99400)
    at async NVe.openEditor (vscode-file://vscode-app/opt/visual-studio-code/resources/app/out/vs/workbench/workbench.desktop.main.js:667:98482)
    at async vscode-file://vscode-app/opt/visual-studio-code/resources/app/out/vs/workbench/workbench.desktop.main.js:779:23636
    at async o (vscode-file://vscode-app/opt/visual-studio-code/resources/app/out/vs/workbench/workbench.desktop.main.js:671:43804)
2024-10-21 03:21:16.907 [error] Unable to read file '/home/alex/workflow/anime-api/api/routes/apiRoutes.js' (Error: Unable to resolve nonexistent file '/home/alex/workflow/anime-api/api/routes/apiRoutes.js'): Error: Unable to read file '/home/alex/workflow/anime-api/api/routes/apiRoutes.js' (Error: Unable to resolve nonexistent file '/home/alex/workflow/anime-api/api/routes/apiRoutes.js')
    at Git.F (vscode-file://vscode-app/opt/visual-studio-code/resources/app/out/vs/workbench/workbench.desktop.main.js:3072:69639)
    at Git.D (vscode-file://vscode-app/opt/visual-studio-code/resources/app/out/vs/workbench/workbench.desktop.main.js:3072:69464)
    at async ost.M (vscode-file://vscode-app/opt/visual-studio-code/resources/app/out/vs/workbench/workbench.desktop.main.js:3073:8797)
    at async ost.readStream (vscode-file://vscode-app/opt/visual-studio-code/resources/app/out/vs/workbench/workbench.desktop.main.js:3073:8572)
    at async $ue.Db (vscode-file://vscode-app/opt/visual-studio-code/resources/app/out/vs/workbench/workbench.desktop.main.js:1279:11960)
    at async $ue.resolve (vscode-file://vscode-app/opt/visual-studio-code/resources/app/out/vs/workbench/workbench.desktop.main.js:1279:10435)
    at async vscode-file://vscode-app/opt/visual-studio-code/resources/app/out/vs/workbench/workbench.desktop.main.js:3073:5157
