[23:35:04.535] Log Level: 2
[23:35:04.537] SSH Resolver called for "ssh-remote+oracle", attempt 1
[23:35:04.538] "remote.SSH.useLocalServer": true
[23:35:04.538] "remote.SSH.useExecServer": true
[23:35:04.538] "remote.SSH.path": undefined
[23:35:04.538] "remote.SSH.configFile": undefined
[23:35:04.538] "remote.SSH.useFlock": true
[23:35:04.539] "remote.SSH.lockfilesInTmp": false
[23:35:04.539] "remote.SSH.localServerDownload": auto
[23:35:04.539] "remote.SSH.remoteServerListenOnSocket": false
[23:35:04.539] "remote.SSH.showLoginTerminal": false
[23:35:04.539] "remote.SSH.defaultExtensions": []
[23:35:04.539] "remote.SSH.loglevel": 2
[23:35:04.539] "remote.SSH.enableDynamicForwarding": true
[23:35:04.539] "remote.SSH.enableRemoteCommand": false
[23:35:04.539] "remote.SSH.serverPickPortsFromRange": {}
[23:35:04.539] "remote.SSH.serverInstallPath": {}
[23:35:04.539] "remote.SSH.permitPtyAllocation": false
[23:35:04.540] "remote.SSH.preferredLocalPortRange: undefined
[23:35:04.540] "remote.SSH.useCurlAndWgetConfigurationFiles: false
[23:35:04.546] VS Code version: 1.93.1
[23:35:04.546] Remote-SSH version: remote-ssh@0.114.3
[23:35:04.546] linux x64
[23:35:04.548] SSH Resolver called for host: oracle
[23:35:04.548] Setting up SSH remote "oracle"
[23:35:04.550] Acquiring local install lock: /tmp/vscode-remote-ssh-f4e20ef7-install.lock
[23:35:04.553] Looking for existing server data file at /home/alex/.config/Code/User/globalStorage/ms-vscode-remote.remote-ssh/vscode-ssh-host-f4e20ef7-38c31bc77e0dd6ae88a4e9cc93428cc27a56ba40-0.114.3-es/data.json
[23:35:04.554] No existing data file
[23:35:04.554] Using commit id "38c31bc77e0dd6ae88a4e9cc93428cc27a56ba40" and quality "stable" for server
[23:35:04.555] Script variables:
 {
  "InstallExitCode.24": "AlreadyInProgress",
  "InstallExitCode.25": "ServerDownloadFailed",
  "InstallExitCode.26": "NoDownloaderAvailable",
  "InstallExitCode.27": "UnsupportedArch",
  "InstallExitCode.28": "StatusCheckFailed",
  "InstallExitCode.29": "NeedInsidersArch",
  "InstallExitCode.30": "NoDownloaderAvailableForStatusCheck",
  "InstallExitCode.31": "ServerTransferFailed",
  "InstallExitCode.32": "ServerFailedToStart",
  "InstallExitCode.33": "NeedInsidersWindows",
  "InstallExitCode.34": "CreateInstallDirFailed",
  "InstallExitCode.35": "UnsupportedPlatform",
  "InstallExitCode.36": "ServerTerminatedCVE20201416",
  "InstallExitCode.37": "UnpackFailed",
  "InstallExitCode.38": "ChangeDirFailed",
  "InstallExitCode.AlreadyInProgress": "24",
  "InstallExitCode.ServerDownloadFailed": "25",
  "InstallExitCode.NoDownloaderAvailable": "26",
  "InstallExitCode.NoDownloaderAvailableForStatusCheck": "30",
  "InstallExitCode.UnsupportedArch": "27",
  "InstallExitCode.StatusCheckFailed": "28",
  "InstallExitCode.NeedInsidersArch": "29",
  "InstallExitCode.ServerTransferFailed": "31",
  "InstallExitCode.ServerFailedToStart": "32",
  "InstallExitCode.NeedInsidersWindows": "33",
  "InstallExitCode.CreateInstallDirFailed": "34",
  "InstallExitCode.UnsupportedPlatform": "35",
  "InstallExitCode.ServerTerminatedCVE20201416": "36",
  "InstallExitCode.UnpackFailed": "37",
  "InstallExitCode.ChangeDirFailed": "38",
  "InstallUnpackCode.Success": "success",
  "InstallUnpackCode.Error": "error",
  "InstallUnpackCode.MissingFiles": "missingFiles",
  "uuid": "bed9cfbccdf8",
  "startMarker": "bed9cfbccdf8: running",
  "commitId": "38c31bc77e0dd6ae88a4e9cc93428cc27a56ba40",
  "quality": "stable",
  "token": "11a11111-aa11-1aa1-11aa-1a11111aa11a",
  "vscodeAgentFolder": "$HOME/.vscode-server",
  "allowClientDownload": "1",
  "forceClientDownload": "0",
  "cliNameInArchive": "code",
  "ignoreWgetConfigFlag": " --no-config ",
  "ignoreCurlConfigFlag": " --disable ",
  "wgetTriesSegment": "--tries=1",
  "listenArgs": "--on-host=127.0.0.1 --on-port",
  "getDownloadServerStartTrigger": "bed9cfbccdf8:trigger_server_download",
  "getDownloadServerEndTrigger": "bed9cfbccdf8:trigger_server_download_end",
  "getProgressDownloading": "bed9cfbccdf8%%1%%",
  "getProgressInstalling": "bed9cfbccdf8%%2%%"
}
[23:35:04.557] Install and start server if needed
[23:35:04.559] PATH: /home/alex/.local/bin:/usr/condabin:/usr/local/sbin:/usr/local/bin:/usr/bin:/opt/android-ndk:/usr/lib/jvm/default/bin:/usr/bin/site_perl:/usr/bin/vendor_perl:/usr/bin/core_perl:/home/alex/.local/share/bin
[23:35:04.559] Checking ssh with "ssh -V"
[23:35:04.567] > OpenSSH_9.8p1, OpenSSL 3.3.2 3 Sep 2024

[23:35:04.570] askpass server listening on /run/user/1000/vscode-ssh-askpass-e67d5ed7869817491838e6d254c264832752e1d0.sock
[23:35:04.570] Spawning local server with {"serverId":1,"ipcHandlePath":"/run/user/1000/vscode-ssh-askpass-4b47295dce05b29f7e2f8a17fbf7a6ca65f64c15.sock","sshCommand":"ssh","sshArgs":["-v","-T","-D","37091","-o","ConnectTimeout=15","oracle"],"serverDataFolderName":".vscode-server","dataFilePath":"/home/alex/.config/Code/User/globalStorage/ms-vscode-remote.remote-ssh/vscode-ssh-host-f4e20ef7-38c31bc77e0dd6ae88a4e9cc93428cc27a56ba40-0.114.3-es/data.json"}
[23:35:04.570] Local server env: {"SHELL":"/usr/bin/fish","DISPLAY":":1","ELECTRON_RUN_AS_NODE":"1","SSH_ASKPASS":"/home/alex/.vscode/extensions/ms-vscode-remote.remote-ssh-0.114.3/out/local-server/askpass.sh","VSCODE_SSH_ASKPASS_NODE":"/opt/visual-studio-code/code","VSCODE_SSH_ASKPASS_EXTRA_ARGS":"","VSCODE_SSH_ASKPASS_MAIN":"/home/alex/.vscode/extensions/ms-vscode-remote.remote-ssh-0.114.3/out/askpass-main.js","VSCODE_SSH_ASKPASS_HANDLE":"/run/user/1000/vscode-ssh-askpass-e67d5ed7869817491838e6d254c264832752e1d0.sock"}
[23:35:04.574] Spawned 298141
[23:35:04.665] > local-server-1> Running ssh connection command: ssh -v -T -D 37091 -o ConnectTimeout=15 oracle
[23:35:04.668] > local-server-1> Spawned ssh, pid=298149
[23:35:04.671] stderr> OpenSSH_9.8p1, OpenSSL 3.3.2 3 Sep 2024
[23:35:04.864] stderr> debug1: Server host key: ssh-ed25519 SHA256:Wp4vqeN44Nhcwud1buLafn3ChdilgZpLihXlN1E+qIE
[23:35:05.128] stderr> Authenticated to 140.238.241.42 ([140.238.241.42]:22) using "publickey".
[23:35:05.729] > Welcome to Ubuntu 20.04.6 LTS (GNU/Linux 5.15.0-1059-oracle aarch64)
> 
>  * Documentation:  https://help.ubuntu.com
>  * Management:     https://landscape.canonical.com
>  * Support:        https://ubuntu.com/pro
> 
>  System information as of Wed Sep 18 18:05:05 UTC 2024
> 
>   System load:  0.02              Processes:               178
>   Usage of /:   6.4% of 44.96GB   Users logged in:         1
>   Memory usage: 2%                IPv4 address for enp0s6: 10.0.0.93
>   Swap usage:   0%
> 
> 
> Expanded Security Maintenance for Applications is not enabled.
> 
> 0 updates can be applied immediately.
> 
> 4 additional security updates can be applied with ESM Apps.
> Learn more about enabling ESM Apps service at https://ubuntu.com/esm
> 
> New release '22.04.5 LTS' available.
> Run 'do-release-upgrade' to upgrade to it.
> 
> 
> *** System restart required ***
[23:35:05.771] > ready: bed9cfbccdf8
[23:35:05.813] > Linux 5.15.0-1059-oracle #65~20.04.1-Ubuntu SMP Fri Apr 19 19:01:19 UTC 2024
[23:35:05.813] Platform: linux
[23:35:05.854] > /bin/bash
[23:35:05.855] Parent Shell: bash
[23:35:05.855] Parent Shell pid: 298141
[23:35:05.898] > 30327
[23:35:05.898] Waiting for pid of spawned 'sh' subshell: '30327'...
[23:35:05.947] > bed9cfbccdf8: running
> Script executing under PID: 30327
[23:35:05.954] > Installing to /home/ubuntu/.vscode-server...
[23:35:05.955] > bed9cfbccdf8%%1%%
> Downloading with wget
> wget is from busybox: no
[23:35:05.960] stderr> Program 'wget' appears to support flag '--no-config'
[23:35:06.457] > Download complete
[23:35:06.460] > bed9cfbccdf8%%2%%
[23:35:06.461] > tar --version: tar (GNU tar) 1.30
> Copyright (C) 2017 Free Software Foundation, Inc.
> License GPLv3+: GNU GPL version 3 or later <https://gnu.org/licenses/gpl.html>.
> This is free software: you are free to change and redistribute it.
> There is NO WARRANTY, to the extent permitted by law.
> 
> Written by John Gilmore and Jay Fenlason.
[23:35:06.618] > code 1.93.1 (commit 38c31bc77e0dd6ae88a4e9cc93428cc27a56ba40)
[23:35:06.622] > Starting VS Code CLI...
> printenv:
[23:35:06.624] >     USER=ubuntu
>     SSH_CLIENT=146.196.47.135 35694 22
>     XDG_SESSION_TYPE=tty
>     SHLVL=1
>     MOTD_SHOWN=pam
>     HOME=/home/ubuntu
>     OLDPWD=/home/ubuntu/.vscode-server
>     DBUS_SESSION_BUS_ADDRESS=unix:path=/run/user/1001/bus
>     LOGNAME=ubuntu
>     _=/usr/bin/sh
>     XDG_SESSION_CLASS=user
>     XDG_SESSION_ID=3
>     PATH=/usr/local/sbin:/usr/local/bin:/usr/sbin:/usr/bin:/sbin:/bin:/usr/games:/usr/local/games:/snap/bin
>     XDG_RUNTIME_DIR=/run/user/1001
>     LANG=C.UTF-8
>     SHELL=/bin/bash
>     PWD=/home/ubuntu
>     SSH_CONNECTION=146.196.47.135 35694 10.0.0.93 22
>     XDG_DATA_DIRS=/usr/local/share:/usr/share:/var/lib/snapd/desktop
[23:35:06.625] > Spawned remote CLI: 30372
[23:35:06.627] > Waiting for server log...
[23:35:06.668] > Waiting for server log...
[23:35:06.699] > bed9cfbccdf8: start
> listeningOn==127.0.0.1:36047==
> osReleaseId==ubuntu==
> arch==aarch64==
> vscodeArch==arm64==
> bitness==64==
> tmpDir==/run/user/1001==
> platform==linux==
> unpackResult==success==
> didLocalDownload==0==
> downloadTime==503==
> installTime==144==
> serverStartTime==72==
> execServerToken==11a11111-aa11-1aa1-11aa-1a11111aa11a==
> platformDownloadPath==cli-alpine-arm64==
> bed9cfbccdf8: end
[23:35:06.699] Received install output: 
listeningOn==127.0.0.1:36047==
osReleaseId==ubuntu==
arch==aarch64==
vscodeArch==arm64==
bitness==64==
tmpDir==/run/user/1001==
platform==linux==
unpackResult==success==
didLocalDownload==0==
downloadTime==503==
installTime==144==
serverStartTime==72==
execServerToken==11a11111-aa11-1aa1-11aa-1a11111aa11a==
platformDownloadPath==cli-alpine-arm64==

[23:35:06.699] Remote server is listening on port 36047
[23:35:06.700] Parsed server configuration: {"serverConfiguration":{"remoteListeningOn":{"port":36047},"osReleaseId":"ubuntu","arch":"aarch64","tmpDir":"/run/user/1001","platform":"linux","execServerToken":"11a11111-aa11-1aa1-11aa-1a11111aa11a"},"downloadTime":503,"installTime":144,"serverStartTime":72,"installUnpackCode":"success"}
[23:35:06.700] ** Note: Support for architecture "aarch64" is in preview **
[23:35:06.701] Persisting server connection details to /home/alex/.config/Code/User/globalStorage/ms-vscode-remote.remote-ssh/vscode-ssh-host-f4e20ef7-38c31bc77e0dd6ae88a4e9cc93428cc27a56ba40-0.114.3-es/data.json
[23:35:06.703] Starting forwarding server. local port 35593 -> socksPort 37091 -> remotePort 36047
[23:35:06.703] Forwarding server listening on port 35593
[23:35:06.703] Waiting for ssh tunnel to be ready
[23:35:06.704] [Forwarding server port 35593] Got connection 0
[23:35:06.705] Tunneled port 36047 to local port 35593
[23:35:06.705] Resolved "ssh-remote+oracle" to "port 35593"
[23:35:06.714] Initizing new exec server for ssh-remote+oracle
[23:35:06.714] Resolving exec server at port 35593
[23:35:06.736] [Forwarding server port 35593] Got connection 1
[23:35:06.866] Exec server for ssh-remote+oracle created and cached
[23:35:06.870] ------




[23:35:06.926] [server] Checking /home/ubuntu/.vscode-server/cli/servers/Stable-38c31bc77e0dd6ae88a4e9cc93428cc27a56ba40/log.txt and /home/ubuntu/.vscode-server/cli/servers/Stable-38c31bc77e0dd6ae88a4e9cc93428cc27a56ba40/pid.txt for a running server...
[23:35:06.972] [server] Installing and setting up Visual Studio Code Server...
[23:35:07.420] [server] Downloading Visual Studio Code server -> /tmp/.tmpMDH7fd/vscode-server-linux-arm64.tar.gz
[23:35:07.420] [server] server download progress: 0/59296350 (0%)
[23:35:07.438] [server] server download progress: 2105344/59296350 (4%)
[23:35:07.451] [server] server download progress: 4210687/59296350 (7%)
[23:35:07.459] [server] server download progress: 6316028/59296350 (11%)
[23:35:07.475] [server] server download progress: 8421369/59296350 (14%)
[23:35:07.487] [server] server download progress: 10526713/59296350 (18%)
[23:35:07.500] [server] server download progress: 12632056/59296350 (21%)
[23:35:07.521] [server] server download progress: 14737400/59296350 (25%)
[23:35:07.536] [server] server download progress: 16842743/59296350 (28%)
[23:35:07.549] [server] server download progress: 18948087/59296350 (32%)
[23:35:07.562] [server] server download progress: 21053430/59296350 (36%)
[23:35:07.573] [server] server download progress: 23158774/59296350 (39%)
[23:35:07.586] [server] server download progress: 25264117/59296350 (43%)
[23:35:07.598] [server] server download progress: 27369461/59296350 (46%)
[23:35:07.611] [server] server download progress: 29474804/59296350 (50%)
[23:35:07.624] [server] server download progress: 31580148/59296350 (53%)
[23:35:07.636] [server] server download progress: 33685491/59296350 (57%)
[23:35:07.648] [server] server download progress: 35790835/59296350 (60%)
[23:35:07.661] [server] server download progress: 37896178/59296350 (64%)
[23:35:07.673] [server] server download progress: 40001522/59296350 (67%)
[23:35:07.682] [server] server download progress: 42106865/59296350 (71%)
[23:35:07.693] [server] server download progress: 44212209/59296350 (75%)
[23:35:07.704] [server] server download progress: 46317552/59296350 (78%)
[23:35:07.717] [server] server download progress: 48414720/59296350 (82%)
[23:35:07.727] [server] server download progress: 50520064/59296350 (85%)
[23:35:07.739] [server] server download progress: 52625407/59296350 (89%)
[23:35:07.750] [server] server download progress: 54730751/59296350 (92%)
[23:35:07.762] [server] server download progress: 56836094/59296350 (96%)
[23:35:07.777] [server] server download progress: 58941438/59296350 (99%)
[23:35:07.780] [server] server download progress: 59296350/59296350 (100%)
[23:35:08.887] [server] server inflate progress: 89/1765 (5%)
[23:35:08.894] [server] server inflate progress: 179/1765 (10%)
[23:35:08.903] [server] server inflate progress: 269/1765 (15%)
[23:35:08.933] [server] server inflate progress: 359/1765 (20%)
[23:35:08.936] [server] server inflate progress: 449/1765 (25%)
[23:35:08.949] [server] server inflate progress: 539/1765 (31%)
[23:35:09.068] [server] server inflate progress: 629/1765 (36%)
[23:35:09.074] [server] server inflate progress: 719/1765 (41%)
[23:35:09.077] [server] server inflate progress: 809/1765 (46%)
[23:35:09.080] [server] server inflate progress: 899/1765 (51%)
[23:35:09.084] [server] server inflate progress: 989/1765 (56%)
[23:35:09.086] [server] server inflate progress: 1079/1765 (61%)
[23:35:09.093] [server] server inflate progress: 1169/1765 (66%)
[23:35:09.110] [server] server inflate progress: 1259/1765 (71%)
[23:35:09.159] [server] server inflate progress: 1349/1765 (76%)
[23:35:09.177] [server] server inflate progress: 1439/1765 (82%)
[23:35:09.200] [server] server inflate progress: 1529/1765 (87%)
[23:35:09.219] [server] server inflate progress: 1619/1765 (92%)
[23:35:09.232] [server] server inflate progress: 1709/1765 (97%)
[23:35:09.240] [server] server inflate progress: 1765/1765 (100%)
[23:35:09.505] [server] Server integrity verified, version: 1.93.1 / 38c31bc77e0dd6ae88a4e9cc93428cc27a56ba40 / arm64 / 
[23:35:09.516] [server] Server setup complete
[23:35:09.516] [server] Starting server...
[23:35:09.516] [server] Starting server with command... Command { std: "/home/ubuntu/.vscode-server/cli/servers/Stable-38c31bc77e0dd6ae88a4e9cc93428cc27a56ba40/server/bin/code-server" "--connection-token=remotessh" "--accept-server-license-terms" "--start-server" "--enable-remote-auto-shutdown" "--socket-path=/tmp/code-9d7cf553-0fd7-47d1-973d-77648a8ca0d8", kill_on_drop: false }
[23:35:09.555] [server] *
[23:35:09.555] [server] * Visual Studio Code Server
[23:35:09.555] [server] *
[23:35:09.555] [server] * By using the software, you agree to
[23:35:09.555] [server] * the Visual Studio Code Server License Terms (https://aka.ms/vscode-server-license) and
[23:35:09.555] [server] * the Microsoft Privacy Statement (https://privacy.microsoft.com/en-US/privacystatement).
[23:35:09.556] [server] *
[23:35:09.559] [server] Server bound to /tmp/code-9d7cf553-0fd7-47d1-973d-77648a8ca0d8
[23:35:09.559] [server] Extension host agent listening on /tmp/code-9d7cf553-0fd7-47d1-973d-77648a8ca0d8
[23:35:09.559] [server] parsed location: "/tmp/code-9d7cf553-0fd7-47d1-973d-77648a8ca0d8"
[23:35:09.559] [server] 
[23:35:09.560] [server] Server started
[23:35:09.703] [server] [18:05:09] 
[23:35:09.703] [server] 
[23:35:09.703] [server] 
[23:35:09.703] [server] 
[23:35:09.763] [server] [18:05:09] Extension host agent started.
[23:35:09.806] [server] [18:05:09] Started initializing default profile extensions in extensions installation folder. file:///home/ubuntu/.vscode-server/extensions
[23:35:09.850] [server] [18:05:09] Completed initializing default profile extensions in extensions installation folder. file:///home/ubuntu/.vscode-server/extensions
[23:35:09.938] [server] [18:05:09] [<unknown>][ffddbab1][ExtensionHostConnection] New connection established.
[23:35:09.960] [server] [18:05:09] [<unknown>][e31f0f5e][ManagementConnection] New connection established.
[23:35:09.968] [server] [18:05:09] [<unknown>][ffddbab1][ExtensionHostConnection] <30448> Launched Extension Host Process.
