2024-10-21 03:08:27.299 [info] [main] Log level: Info
2024-10-21 03:08:27.299 [info] [main] Validating found git in: "git"
2024-10-21 03:08:27.299 [info] [main] Using git "2.47.0" from "git"
2024-10-21 03:08:27.299 [info] [Model][doInitialScan] Initial repository scan started
2024-10-21 03:08:27.299 [info] > git rev-parse --show-toplevel [3ms]
2024-10-21 03:08:27.299 [info] > git rev-parse --git-dir --git-common-dir [2ms]
2024-10-21 03:08:27.308 [info] [Model][openRepository] Opened repository: /home/alex/workflow/anime-api
2024-10-21 03:08:27.339 [info] > git rev-parse --show-toplevel [19ms]
2024-10-21 03:08:27.340 [info] > git config --get commit.template [24ms]
2024-10-21 03:08:27.366 [info] > git rev-parse --show-toplevel [17ms]
2024-10-21 03:08:27.378 [info] > git for-each-ref --format=%(refname)%00%(upstream:short)%00%(objectname)%00%(upstream:track)%00%(upstream:remotename)%00%(upstream:remoteref) refs/heads/main refs/remotes/main [13ms]
2024-10-21 03:08:27.389 [info] > git status -z -uall [6ms]
2024-10-21 03:08:27.389 [info] > git rev-parse --show-toplevel [11ms]
2024-10-21 03:08:27.390 [info] [Model][doInitialScan] Initial repository scan completed - repositories (1), closed repositories (0), parent repositories (0), unsafe repositories (0)
2024-10-21 03:08:27.390 [info] > git for-each-ref --sort -committerdate --format %(refname) %(objectname) %(*objectname) [3ms]
2024-10-21 03:08:27.403 [info] > git for-each-ref --format=%(refname)%00%(upstream:short)%00%(objectname)%00%(upstream:track)%00%(upstream:remotename)%00%(upstream:remoteref) refs/heads/main refs/remotes/main [6ms]
2024-10-21 03:08:27.411 [info] > git config --local branch.main.vscode-merge-base [2ms]
2024-10-21 03:08:27.411 [warning] [Git][config] git config failed: Failed to execute git
2024-10-21 03:08:27.416 [info] > git config --get commit.template [13ms]
2024-10-21 03:08:27.447 [info] > git reflog main --grep-reflog=branch: Created from *. [31ms]
2024-10-21 03:08:27.454 [info] > git symbolic-ref --short refs/remotes/origin/HEAD [3ms]
2024-10-21 03:08:27.454 [info] fatal: ref refs/remotes/origin/HEAD is not a symbolic ref
2024-10-21 03:08:27.454 [warning] [Repository][getDefaultBranch] Failed to get default branch details: Failed to execute git.
2024-10-21 03:08:27.460 [info] > git for-each-ref --format=%(refname)%00%(upstream:short)%00%(objectname)%00%(upstream:track)%00%(upstream:remotename)%00%(upstream:remoteref) refs/heads/main refs/remotes/main [17ms]
2024-10-21 03:08:27.469 [info] > git status -z -uall [5ms]
2024-10-21 03:08:27.470 [info] > git for-each-ref --sort -committerdate --format %(refname) %(objectname) %(*objectname) [2ms]
2024-10-21 03:08:27.844 [info] > git check-ignore -v -z --stdin [1ms]
2024-10-21 03:08:31.561 [info] > git show --textconv :public/maintenance.html [7ms]
2024-10-21 03:08:31.562 [info] > git ls-files --stage -- /home/alex/workflow/anime-api/public/maintenance.html [1ms]
2024-10-21 03:08:31.569 [info] > git cat-file -s 7d5a4fba99e4b774791b84177ccc33befd918b34 [1ms]
2024-10-21 03:08:33.081 [info] > git show --textconv :public/maintenance.html [5ms]
2024-10-21 03:08:33.082 [info] > git ls-files --stage -- /home/alex/workflow/anime-api/public/maintenance.html [2ms]
2024-10-21 03:08:33.087 [info] > git cat-file -s 7d5a4fba99e4b774791b84177ccc33befd918b34 [1ms]
2024-10-21 03:08:33.435 [info] > git show --textconv :public/index.html [5ms]
2024-10-21 03:08:33.436 [info] > git ls-files --stage -- /home/alex/workflow/anime-api/public/index.html [2ms]
2024-10-21 03:08:33.441 [info] > git cat-file -s 5372e8a8f8adedbc1dd4b9b96330f3ba105e62af [1ms]
2024-10-21 03:08:39.750 [info] > git show --textconv :public/index.html [5ms]
2024-10-21 03:08:39.751 [info] > git ls-files --stage -- /home/alex/workflow/anime-api/public/index.html [1ms]
2024-10-21 03:08:39.757 [info] > git cat-file -s 5372e8a8f8adedbc1dd4b9b96330f3ba105e62af [1ms]
2024-10-21 03:09:32.838 [info] > git config --get commit.template [5ms]
2024-10-21 03:09:32.838 [info] > git for-each-ref --format=%(refname)%00%(upstream:short)%00%(objectname)%00%(upstream:track)%00%(upstream:remotename)%00%(upstream:remoteref) refs/heads/main refs/remotes/main [1ms]
2024-10-21 03:09:32.848 [info] > git status -z -uall [6ms]
2024-10-21 03:09:32.848 [info] > git for-each-ref --sort -committerdate --format %(refname) %(objectname) %(*objectname) [1ms]
2024-10-21 03:09:37.407 [info] > git check-ignore -v -z --stdin [1ms]
2024-10-21 03:09:41.257 [info] > git show --textconv :api/server.js [9ms]
2024-10-21 03:09:41.259 [info] > git ls-files --stage -- /home/alex/workflow/anime-api/api/server.js [3ms]
2024-10-21 03:09:41.266 [info] > git cat-file -s 55235c346688e0fbcd434e723304e5a8a0a89465 [2ms]
2024-10-21 03:11:52.667 [info] > git config --get commit.template [5ms]
2024-10-21 03:11:52.668 [info] > git for-each-ref --format=%(refname)%00%(upstream:short)%00%(objectname)%00%(upstream:track)%00%(upstream:remotename)%00%(upstream:remoteref) refs/heads/main refs/remotes/main [1ms]
2024-10-21 03:11:52.677 [info] > git status -z -uall [5ms]
2024-10-21 03:11:52.678 [info] > git for-each-ref --sort -committerdate --format %(refname) %(objectname) %(*objectname) [1ms]
2024-10-21 03:12:15.444 [info] > git check-ignore -v -z --stdin [1ms]
2024-10-21 03:12:16.381 [info] > git check-ignore -v -z --stdin [1ms]
2024-10-21 03:12:24.886 [info] > git check-ignore -v -z --stdin [1ms]
2024-10-21 03:12:29.419 [info] > git show --textconv :api/middlewares/errorHandler.js [5ms]
2024-10-21 03:12:29.420 [info] > git ls-files --stage -- /home/alex/workflow/anime-api/api/middlewares/errorHandler.js [1ms]
2024-10-21 03:12:30.266 [info] > git config --get commit.template [6ms]
2024-10-21 03:12:30.267 [info] > git for-each-ref --format=%(refname)%00%(upstream:short)%00%(objectname)%00%(upstream:track)%00%(upstream:remotename)%00%(upstream:remoteref) refs/heads/main refs/remotes/main [1ms]
2024-10-21 03:12:30.276 [info] > git status -z -uall [6ms]
2024-10-21 03:12:30.277 [info] > git for-each-ref --sort -committerdate --format %(refname) %(objectname) %(*objectname) [2ms]
2024-10-21 03:12:35.797 [info] > git config --get commit.template [5ms]
2024-10-21 03:12:35.798 [info] > git for-each-ref --format=%(refname)%00%(upstream:short)%00%(objectname)%00%(upstream:track)%00%(upstream:remotename)%00%(upstream:remoteref) refs/heads/main refs/remotes/main [2ms]
2024-10-21 03:12:35.806 [info] > git status -z -uall [4ms]
2024-10-21 03:12:35.807 [info] > git for-each-ref --sort -committerdate --format %(refname) %(objectname) %(*objectname) [1ms]
2024-10-21 03:12:38.885 [info] > git show --textconv :api/server.js [5ms]
2024-10-21 03:12:38.886 [info] > git ls-files --stage -- /home/alex/workflow/anime-api/api/server.js [1ms]
2024-10-21 03:12:38.890 [info] > git cat-file -s 55235c346688e0fbcd434e723304e5a8a0a89465 [1ms]
2024-10-21 03:12:49.924 [info] > git show --textconv :api/middlewares/errorHandler.js [6ms]
2024-10-21 03:12:49.925 [info] > git ls-files --stage -- /home/alex/workflow/anime-api/api/middlewares/errorHandler.js [2ms]
2024-10-21 03:12:52.299 [info] > git config --get commit.template [1ms]
2024-10-21 03:12:52.306 [info] > git for-each-ref --format=%(refname)%00%(upstream:short)%00%(objectname)%00%(upstream:track)%00%(upstream:remotename)%00%(upstream:remoteref) refs/heads/main refs/remotes/main [1ms]
2024-10-21 03:12:52.318 [info] > git status -z -uall [7ms]
2024-10-21 03:12:52.318 [info] > git for-each-ref --sort -committerdate --format %(refname) %(objectname) %(*objectname) [1ms]
2024-10-21 03:13:05.568 [info] > git show --textconv :api/server.js [6ms]
2024-10-21 03:13:05.569 [info] > git ls-files --stage -- /home/alex/workflow/anime-api/api/server.js [2ms]
2024-10-21 03:13:05.573 [info] > git cat-file -s 55235c346688e0fbcd434e723304e5a8a0a89465 [1ms]
2024-10-21 03:15:12.372 [info] > git show --textconv :api/middlewares/errorHandler.js [6ms]
2024-10-21 03:15:12.373 [info] > git ls-files --stage -- /home/alex/workflow/anime-api/api/middlewares/errorHandler.js [2ms]
2024-10-21 03:15:47.644 [info] > git show --textconv :api/someAPI.js [4ms]
2024-10-21 03:15:47.645 [info] > git ls-files --stage -- /home/alex/workflow/anime-api/api/someAPI.js [1ms]
2024-10-21 03:15:47.926 [info] > git check-ignore -v -z --stdin [1ms]
2024-10-21 03:15:48.458 [info] > git config --get commit.template [7ms]
2024-10-21 03:15:48.458 [info] > git for-each-ref --format=%(refname)%00%(upstream:short)%00%(objectname)%00%(upstream:track)%00%(upstream:remotename)%00%(upstream:remoteref) refs/heads/main refs/remotes/main [1ms]
2024-10-21 03:15:48.471 [info] > git status -z -uall [7ms]
2024-10-21 03:15:48.472 [info] > git for-each-ref --sort -committerdate --format %(refname) %(objectname) %(*objectname) [2ms]
2024-10-21 03:15:53.485 [info] > git config --get commit.template [5ms]
2024-10-21 03:15:53.485 [info] > git for-each-ref --format=%(refname)%00%(upstream:short)%00%(objectname)%00%(upstream:track)%00%(upstream:remotename)%00%(upstream:remoteref) refs/heads/main refs/remotes/main [1ms]
2024-10-21 03:15:53.496 [info] > git status -z -uall [6ms]
2024-10-21 03:15:53.496 [info] > git for-each-ref --sort -committerdate --format %(refname) %(objectname) %(*objectname) [1ms]
2024-10-21 03:16:16.156 [info] > git check-ignore -v -z --stdin [1ms]
2024-10-21 03:16:16.968 [info] > git check-ignore -v -z --stdin [1ms]
2024-10-21 03:16:18.111 [info] > git show --textconv :src/routes/category.route.js [4ms]
2024-10-21 03:16:18.112 [info] > git ls-files --stage -- /home/alex/workflow/anime-api/src/routes/category.route.js [1ms]
2024-10-21 03:16:18.118 [info] > git cat-file -s 173841bc6f8d409c1d08f4a98f1ff1bd6c541bd4 [0ms]
2024-10-21 03:17:05.221 [info] > git show --textconv :src/controllers/category.controller.js [4ms]
2024-10-21 03:17:05.222 [info] > git ls-files --stage -- /home/alex/workflow/anime-api/src/controllers/category.controller.js [1ms]
2024-10-21 03:17:05.228 [info] > git cat-file -s 9348f2bc0ec0ca07ef77efe2d9abcb817bfec47a [1ms]
2024-10-21 03:17:05.584 [info] > git check-ignore -v -z --stdin [1ms]
2024-10-21 03:17:12.123 [info] > git show --textconv :src/routes/category.route.js [6ms]
2024-10-21 03:17:12.124 [info] > git ls-files --stage -- /home/alex/workflow/anime-api/src/routes/category.route.js [0ms]
2024-10-21 03:17:12.128 [info] > git cat-file -s 173841bc6f8d409c1d08f4a98f1ff1bd6c541bd4 [1ms]
2024-10-21 03:17:53.195 [info] > git rev-parse --show-toplevel [2ms]
2024-10-21 03:17:53.195 [info] fatal: not a git repository (or any of the parent directories): .git
2024-10-21 03:17:55.415 [info] > git show --textconv :src/routes/category.route.js [7ms]
2024-10-21 03:17:55.415 [info] > git ls-files --stage -- /home/alex/workflow/anime-api/src/routes/category.route.js [1ms]
2024-10-21 03:17:55.421 [info] > git cat-file -s 173841bc6f8d409c1d08f4a98f1ff1bd6c541bd4 [1ms]
2024-10-21 03:18:11.650 [info] > git config --get commit.template [8ms]
2024-10-21 03:18:11.650 [info] > git for-each-ref --format=%(refname)%00%(upstream:short)%00%(objectname)%00%(upstream:track)%00%(upstream:remotename)%00%(upstream:remoteref) refs/heads/main refs/remotes/main [1ms]
2024-10-21 03:18:11.664 [info] > git status -z -uall [7ms]
2024-10-21 03:18:11.665 [info] > git for-each-ref --sort -committerdate --format %(refname) %(objectname) %(*objectname) [1ms]
2024-10-21 03:18:14.247 [info] > git check-ignore -v -z --stdin [1ms]
2024-10-21 03:18:14.924 [info] > git show --textconv :src/helper/cache.helper.js [7ms]
2024-10-21 03:18:14.924 [info] > git ls-files --stage -- /home/alex/workflow/anime-api/src/helper/cache.helper.js [1ms]
2024-10-21 03:18:14.931 [info] > git cat-file -s 23bf9db4b09571085601cba60c61f62ac3d6bda0 [1ms]
2024-10-21 03:19:01.019 [info] > git config --get commit.template [6ms]
2024-10-21 03:19:01.019 [info] > git for-each-ref --format=%(refname)%00%(upstream:short)%00%(objectname)%00%(upstream:track)%00%(upstream:remotename)%00%(upstream:remoteref) refs/heads/main refs/remotes/main [1ms]
2024-10-21 03:19:01.029 [info] > git status -z -uall [6ms]
2024-10-21 03:19:01.029 [info] > git for-each-ref --sort -committerdate --format %(refname) %(objectname) %(*objectname) [1ms]
2024-10-21 03:19:15.192 [info] > git show --textconv :api/server.js [5ms]
2024-10-21 03:19:15.193 [info] > git ls-files --stage -- /home/alex/workflow/anime-api/api/server.js [1ms]
2024-10-21 03:19:15.199 [info] > git cat-file -s 55235c346688e0fbcd434e723304e5a8a0a89465 [1ms]
2024-10-21 03:19:43.047 [info] > git check-ignore -v -z --stdin [1ms]
2024-10-21 03:19:43.701 [info] > git show --textconv :api/routes/apiRoutes.js [6ms]
2024-10-21 03:19:43.701 [info] > git ls-files --stage -- /home/alex/workflow/anime-api/api/routes/apiRoutes.js [1ms]
2024-10-21 03:19:44.551 [info] > git config --get commit.template [6ms]
2024-10-21 03:19:44.552 [info] > git for-each-ref --format=%(refname)%00%(upstream:short)%00%(objectname)%00%(upstream:track)%00%(upstream:remotename)%00%(upstream:remoteref) refs/heads/main refs/remotes/main [1ms]
2024-10-21 03:19:44.563 [info] > git status -z -uall [6ms]
2024-10-21 03:19:44.563 [info] > git for-each-ref --sort -committerdate --format %(refname) %(objectname) %(*objectname) [1ms]
2024-10-21 03:19:49.472 [info] > git show --textconv :api/someAPI.js [5ms]
2024-10-21 03:19:49.473 [info] > git ls-files --stage -- /home/alex/workflow/anime-api/api/someAPI.js [1ms]
2024-10-21 03:20:34.757 [info] > git show --textconv :api/server.js [6ms]
2024-10-21 03:20:34.758 [info] > git ls-files --stage -- /home/alex/workflow/anime-api/api/server.js [1ms]
2024-10-21 03:20:34.764 [info] > git cat-file -s 55235c346688e0fbcd434e723304e5a8a0a89465 [1ms]
2024-10-21 03:20:35.809 [info] > git show --textconv :api/someAPI.js [6ms]
2024-10-21 03:20:35.810 [info] > git ls-files --stage -- /home/alex/workflow/anime-api/api/someAPI.js [2ms]
2024-10-21 03:20:36.301 [info] > git show --textconv :api/server.js [6ms]
2024-10-21 03:20:36.302 [info] > git ls-files --stage -- /home/alex/workflow/anime-api/api/server.js [2ms]
2024-10-21 03:20:36.308 [info] > git cat-file -s 55235c346688e0fbcd434e723304e5a8a0a89465 [1ms]
2024-10-21 03:20:36.752 [info] > git show --textconv :api/routes/apiRoutes.js [6ms]
2024-10-21 03:20:36.752 [info] > git ls-files --stage -- /home/alex/workflow/anime-api/api/routes/apiRoutes.js [1ms]
2024-10-21 03:20:39.534 [info] > git check-ignore -v -z --stdin [1ms]
2024-10-21 03:20:46.672 [info] > git show --textconv :api/middlewares/errorHandler.js [6ms]
2024-10-21 03:20:46.672 [info] > git ls-files --stage -- /home/alex/workflow/anime-api/api/middlewares/errorHandler.js [1ms]
2024-10-21 03:20:49.586 [info] > git show --textconv :api/middlewares/errorHandler.js [4ms]
2024-10-21 03:20:49.587 [info] > git ls-files --stage -- /home/alex/workflow/anime-api/api/middlewares/errorHandler.js [1ms]
2024-10-21 03:20:51.942 [info] > git show --textconv :api/someAPI.js [6ms]
2024-10-21 03:20:51.943 [info] > git ls-files --stage -- /home/alex/workflow/anime-api/api/someAPI.js [2ms]
2024-10-21 03:20:55.519 [info] > git show --textconv :api/middlewares/errorHandler.js [6ms]
2024-10-21 03:20:55.519 [info] > git ls-files --stage -- /home/alex/workflow/anime-api/api/middlewares/errorHandler.js [1ms]
2024-10-21 03:20:56.374 [info] > git config --get commit.template [6ms]
2024-10-21 03:20:56.375 [info] > git for-each-ref --format=%(refname)%00%(upstream:short)%00%(objectname)%00%(upstream:track)%00%(upstream:remotename)%00%(upstream:remoteref) refs/heads/main refs/remotes/main [1ms]
2024-10-21 03:20:56.387 [info] > git status -z -uall [6ms]
2024-10-21 03:20:56.387 [info] > git for-each-ref --sort -committerdate --format %(refname) %(objectname) %(*objectname) [1ms]
2024-10-21 03:21:03.225 [info] > git show --textconv :api/server.js [5ms]
2024-10-21 03:21:03.225 [info] > git ls-files --stage -- /home/alex/workflow/anime-api/api/server.js [1ms]
2024-10-21 03:21:03.230 [info] > git cat-file -s 55235c346688e0fbcd434e723304e5a8a0a89465 [1ms]
2024-10-21 03:21:03.665 [info] > git show --textconv :api/routes/apiRoutes.js [6ms]
2024-10-21 03:21:03.666 [info] > git ls-files --stage -- /home/alex/workflow/anime-api/api/routes/apiRoutes.js [1ms]
2024-10-21 03:21:05.888 [info] > git show --textconv :api/server.js [6ms]
2024-10-21 03:21:05.889 [info] > git ls-files --stage -- /home/alex/workflow/anime-api/api/server.js [1ms]
2024-10-21 03:21:05.895 [info] > git cat-file -s 55235c346688e0fbcd434e723304e5a8a0a89465 [1ms]
2024-10-21 03:21:09.068 [info] > git config --get commit.template [6ms]
2024-10-21 03:21:09.069 [info] > git for-each-ref --format=%(refname)%00%(upstream:short)%00%(objectname)%00%(upstream:track)%00%(upstream:remotename)%00%(upstream:remoteref) refs/heads/main refs/remotes/main [1ms]
2024-10-21 03:21:09.079 [info] > git status -z -uall [6ms]
2024-10-21 03:21:09.080 [info] > git for-each-ref --sort -committerdate --format %(refname) %(objectname) %(*objectname) [2ms]
2024-10-21 03:21:12.557 [info] > git show --textconv :api/routes/apiRoutes.js [6ms]
2024-10-21 03:21:12.558 [info] > git ls-files --stage -- /home/alex/workflow/anime-api/api/routes/apiRoutes.js [1ms]
2024-10-21 03:21:14.093 [info] > git config --get commit.template [5ms]
2024-10-21 03:21:14.094 [info] > git for-each-ref --format=%(refname)%00%(upstream:short)%00%(objectname)%00%(upstream:track)%00%(upstream:remotename)%00%(upstream:remoteref) refs/heads/main refs/remotes/main [1ms]
2024-10-21 03:21:14.103 [info] > git status -z -uall [5ms]
2024-10-21 03:21:14.104 [info] > git for-each-ref --sort -committerdate --format %(refname) %(objectname) %(*objectname) [2ms]
2024-10-21 03:21:17.120 [info] > git show --textconv :api/server.js [7ms]
2024-10-21 03:21:17.121 [info] > git ls-files --stage -- /home/alex/workflow/anime-api/api/server.js [2ms]
2024-10-21 03:21:17.127 [info] > git cat-file -s 55235c346688e0fbcd434e723304e5a8a0a89465 [1ms]
2024-10-21 03:21:19.118 [info] > git config --get commit.template [6ms]
2024-10-21 03:21:19.118 [info] > git for-each-ref --format=%(refname)%00%(upstream:short)%00%(objectname)%00%(upstream:track)%00%(upstream:remotename)%00%(upstream:remoteref) refs/heads/main refs/remotes/main [1ms]
2024-10-21 03:21:19.128 [info] > git status -z -uall [6ms]
2024-10-21 03:21:19.128 [info] > git for-each-ref --sort -committerdate --format %(refname) %(objectname) %(*objectname) [1ms]
2024-10-21 03:21:24.143 [info] > git config --get commit.template [7ms]
2024-10-21 03:21:24.144 [info] > git for-each-ref --format=%(refname)%00%(upstream:short)%00%(objectname)%00%(upstream:track)%00%(upstream:remotename)%00%(upstream:remoteref) refs/heads/main refs/remotes/main [1ms]
2024-10-21 03:21:24.154 [info] > git status -z -uall [6ms]
2024-10-21 03:21:24.154 [info] > git for-each-ref --sort -committerdate --format %(refname) %(objectname) %(*objectname) [1ms]
2024-10-21 03:21:34.165 [info] > git config --get commit.template [5ms]
2024-10-21 03:21:34.166 [info] > git for-each-ref --format=%(refname)%00%(upstream:short)%00%(objectname)%00%(upstream:track)%00%(upstream:remotename)%00%(upstream:remoteref) refs/heads/main refs/remotes/main [1ms]
2024-10-21 03:21:34.176 [info] > git status -z -uall [5ms]
2024-10-21 03:21:34.177 [info] > git for-each-ref --sort -committerdate --format %(refname) %(objectname) %(*objectname) [2ms]
2024-10-21 03:21:35.274 [info] > git show --textconv :src/helper/cache.helper.js [5ms]
2024-10-21 03:21:35.275 [info] > git ls-files --stage -- /home/alex/workflow/anime-api/src/helper/cache.helper.js [2ms]
2024-10-21 03:21:35.281 [info] > git cat-file -s 23bf9db4b09571085601cba60c61f62ac3d6bda0 [1ms]
2024-10-21 03:21:38.678 [info] > git show --textconv :src/routes/category.route.js [6ms]
2024-10-21 03:21:38.679 [info] > git ls-files --stage -- /home/alex/workflow/anime-api/src/routes/category.route.js [2ms]
2024-10-21 03:21:38.684 [info] > git cat-file -s 173841bc6f8d409c1d08f4a98f1ff1bd6c541bd4 [1ms]
2024-10-21 03:21:39.190 [info] > git config --get commit.template [6ms]
2024-10-21 03:21:39.190 [info] > git for-each-ref --format=%(refname)%00%(upstream:short)%00%(objectname)%00%(upstream:track)%00%(upstream:remotename)%00%(upstream:remoteref) refs/heads/main refs/remotes/main [1ms]
2024-10-21 03:21:39.200 [info] > git status -z -uall [5ms]
2024-10-21 03:21:39.201 [info] > git for-each-ref --sort -committerdate --format %(refname) %(objectname) %(*objectname) [2ms]
2024-10-21 03:21:44.215 [info] > git config --get commit.template [5ms]
2024-10-21 03:21:44.215 [info] > git for-each-ref --format=%(refname)%00%(upstream:short)%00%(objectname)%00%(upstream:track)%00%(upstream:remotename)%00%(upstream:remoteref) refs/heads/main refs/remotes/main [1ms]
2024-10-21 03:21:44.224 [info] > git status -z -uall [4ms]
2024-10-21 03:21:44.225 [info] > git for-each-ref --sort -committerdate --format %(refname) %(objectname) %(*objectname) [1ms]
2024-10-21 03:21:48.951 [info] > git show --textconv :src/routes/apiRoutes.js [5ms]
2024-10-21 03:21:48.952 [info] > git ls-files --stage -- /home/alex/workflow/anime-api/src/routes/apiRoutes.js [1ms]
2024-10-21 03:21:48.957 [info] > git cat-file -s d4f36a68881a5a18644b0ab52653ecfb718d4935 [1ms]
2024-10-21 03:21:59.375 [info] > git config --get commit.template [6ms]
2024-10-21 03:21:59.376 [info] > git for-each-ref --format=%(refname)%00%(upstream:short)%00%(objectname)%00%(upstream:track)%00%(upstream:remotename)%00%(upstream:remoteref) refs/heads/main refs/remotes/main [1ms]
2024-10-21 03:21:59.385 [info] > git status -z -uall [4ms]
2024-10-21 03:21:59.385 [info] > git for-each-ref --sort -committerdate --format %(refname) %(objectname) %(*objectname) [1ms]
2024-10-21 03:21:59.444 [info] > git log --format=%H%n%aN%n%aE%n%at%n%ct%n%P%n%D%n%B -z --shortstat --diff-merges=first-parent -n50 --skip=0 --topo-order --decorate=full --stdin [7ms]
2024-10-21 03:22:01.004 [info] > git show --textconv HEAD:public/index.html [9ms]
2024-10-21 03:22:01.005 [info] > git ls-tree -l HEAD -- /home/alex/workflow/anime-api/public/index.html [1ms]
2024-10-21 03:22:18.279 [info] > git ls-tree -l HEAD -- /home/alex/workflow/anime-api/public/index.html [1ms]
2024-10-21 03:22:22.984 [info] > git show --textconv :api/server.js [6ms]
2024-10-21 03:22:22.984 [info] > git ls-files --stage -- /home/alex/workflow/anime-api/api/server.js [1ms]
2024-10-21 03:22:22.990 [info] > git cat-file -s 55235c346688e0fbcd434e723304e5a8a0a89465 [2ms]
2024-10-21 03:23:23.373 [info] > git config --get commit.template [6ms]
2024-10-21 03:23:23.373 [info] > git for-each-ref --format=%(refname)%00%(upstream:short)%00%(objectname)%00%(upstream:track)%00%(upstream:remotename)%00%(upstream:remoteref) refs/heads/main refs/remotes/main [1ms]
2024-10-21 03:23:23.383 [info] > git status -z -uall [5ms]
2024-10-21 03:23:23.383 [info] > git for-each-ref --sort -committerdate --format %(refname) %(objectname) %(*objectname) [1ms]
2024-10-21 03:23:25.368 [info] > git rev-parse --show-toplevel [1ms]
2024-10-21 03:23:25.368 [info] fatal: not a git repository (or any of the parent directories): .git
2024-10-21 03:23:27.671 [info] > git show --textconv :api/server.js [5ms]
2024-10-21 03:23:27.671 [info] > git ls-files --stage -- /home/alex/workflow/anime-api/api/server.js [1ms]
2024-10-21 03:23:27.677 [info] > git cat-file -s 55235c346688e0fbcd434e723304e5a8a0a89465 [1ms]
2024-10-21 03:23:29.733 [info] > git config --get commit.template [7ms]
2024-10-21 03:23:29.733 [info] > git for-each-ref --format=%(refname)%00%(upstream:short)%00%(objectname)%00%(upstream:track)%00%(upstream:remotename)%00%(upstream:remoteref) refs/heads/main refs/remotes/main [0ms]
2024-10-21 03:23:29.745 [info] > git status -z -uall [6ms]
2024-10-21 03:23:29.746 [info] > git for-each-ref --sort -committerdate --format %(refname) %(objectname) %(*objectname) [1ms]
2024-10-21 03:24:08.219 [info] > git config --get commit.template [12ms]
2024-10-21 03:24:08.220 [info] > git for-each-ref --format=%(refname)%00%(upstream:short)%00%(objectname)%00%(upstream:track)%00%(upstream:remotename)%00%(upstream:remoteref) refs/heads/main refs/remotes/main [1ms]
2024-10-21 03:24:08.238 [info] > git status -z -uall [11ms]
2024-10-21 03:24:08.240 [info] > git for-each-ref --sort -committerdate --format %(refname) %(objectname) %(*objectname) [3ms]
2024-10-21 03:25:39.464 [info] > git config --get commit.template [8ms]
2024-10-21 03:25:39.464 [info] > git for-each-ref --format=%(refname)%00%(upstream:short)%00%(objectname)%00%(upstream:track)%00%(upstream:remotename)%00%(upstream:remoteref) refs/heads/main refs/remotes/main [1ms]
2024-10-21 03:25:39.481 [info] > git status -z -uall [9ms]
2024-10-21 03:25:39.482 [info] > git for-each-ref --sort -committerdate --format %(refname) %(objectname) %(*objectname) [2ms]
2024-10-21 03:25:52.842 [info] > git config --get commit.template [6ms]
2024-10-21 03:25:52.843 [info] > git for-each-ref --format=%(refname)%00%(upstream:short)%00%(objectname)%00%(upstream:track)%00%(upstream:remotename)%00%(upstream:remoteref) refs/heads/main refs/remotes/main [1ms]
2024-10-21 03:25:52.857 [info] > git status -z -uall [7ms]
2024-10-21 03:25:52.857 [info] > git for-each-ref --sort -committerdate --format %(refname) %(objectname) %(*objectname) [1ms]
2024-10-21 03:26:03.413 [info] > git config --get commit.template [7ms]
2024-10-21 03:26:03.414 [info] > git for-each-ref --format=%(refname)%00%(upstream:short)%00%(objectname)%00%(upstream:track)%00%(upstream:remotename)%00%(upstream:remoteref) refs/heads/main refs/remotes/main [1ms]
2024-10-21 03:26:03.426 [info] > git status -z -uall [7ms]
2024-10-21 03:26:03.427 [info] > git for-each-ref --sort -committerdate --format %(refname) %(objectname) %(*objectname) [2ms]
2024-10-21 03:26:06.447 [info] > git show --textconv :package.json [7ms]
2024-10-21 03:26:06.447 [info] > git ls-files --stage -- /home/alex/workflow/anime-api/package.json [1ms]
2024-10-21 03:26:06.454 [info] > git cat-file -s f3b4334b25aa0253f8ccbeca28cbc87ff551bb45 [1ms]
2024-10-21 03:26:20.590 [info] > git config --get commit.template [5ms]
2024-10-21 03:26:20.591 [info] > git for-each-ref --format=%(refname)%00%(upstream:short)%00%(objectname)%00%(upstream:track)%00%(upstream:remotename)%00%(upstream:remoteref) refs/heads/main refs/remotes/main [1ms]
2024-10-21 03:26:20.601 [info] > git status -z -uall [4ms]
2024-10-21 03:26:20.602 [info] > git for-each-ref --sort -committerdate --format %(refname) %(objectname) %(*objectname) [1ms]
2024-10-21 03:27:10.754 [info] > git show --textconv :api/server.js [10ms]
2024-10-21 03:27:10.755 [info] > git ls-files --stage -- /home/alex/workflow/anime-api/api/server.js [2ms]
2024-10-21 03:27:10.764 [info] > git cat-file -s 55235c346688e0fbcd434e723304e5a8a0a89465 [1ms]
2024-10-21 03:27:16.787 [info] > git config --get commit.template [2ms]
2024-10-21 03:27:16.796 [info] > git for-each-ref --format=%(refname)%00%(upstream:short)%00%(objectname)%00%(upstream:track)%00%(upstream:remotename)%00%(upstream:remoteref) refs/heads/main refs/remotes/main [1ms]
2024-10-21 03:27:16.812 [info] > git status -z -uall [8ms]
2024-10-21 03:27:16.813 [info] > git for-each-ref --sort -committerdate --format %(refname) %(objectname) %(*objectname) [1ms]
2024-10-21 03:28:55.565 [info] > git config --get commit.template [9ms]
2024-10-21 03:28:55.566 [info] > git for-each-ref --format=%(refname)%00%(upstream:short)%00%(objectname)%00%(upstream:track)%00%(upstream:remotename)%00%(upstream:remoteref) refs/heads/main refs/remotes/main [1ms]
2024-10-21 03:28:55.582 [info] > git status -z -uall [10ms]
2024-10-21 03:28:55.583 [info] > git for-each-ref --sort -committerdate --format %(refname) %(objectname) %(*objectname) [3ms]
2024-10-21 03:29:20.823 [info] > git config --get commit.template [9ms]
2024-10-21 03:29:20.823 [info] > git for-each-ref --format=%(refname)%00%(upstream:short)%00%(objectname)%00%(upstream:track)%00%(upstream:remotename)%00%(upstream:remoteref) refs/heads/main refs/remotes/main [1ms]
2024-10-21 03:29:20.839 [info] > git status -z -uall [8ms]
2024-10-21 03:29:20.840 [info] > git for-each-ref --sort -committerdate --format %(refname) %(objectname) %(*objectname) [2ms]
2024-10-21 03:29:33.325 [info] > git config --get commit.template [7ms]
2024-10-21 03:29:33.325 [info] > git for-each-ref --format=%(refname)%00%(upstream:short)%00%(objectname)%00%(upstream:track)%00%(upstream:remotename)%00%(upstream:remoteref) refs/heads/main refs/remotes/main [1ms]
2024-10-21 03:29:33.336 [info] > git status -z -uall [5ms]
2024-10-21 03:29:33.337 [info] > git for-each-ref --sort -committerdate --format %(refname) %(objectname) %(*objectname) [1ms]
2024-10-21 03:29:37.105 [info] > git show --textconv :package.json [8ms]
2024-10-21 03:29:37.105 [info] > git ls-files --stage -- /home/alex/workflow/anime-api/package.json [1ms]
2024-10-21 03:29:37.113 [info] > git cat-file -s f3b4334b25aa0253f8ccbeca28cbc87ff551bb45 [1ms]
2024-10-21 03:29:38.353 [info] > git config --get commit.template [7ms]
2024-10-21 03:29:38.354 [info] > git for-each-ref --format=%(refname)%00%(upstream:short)%00%(objectname)%00%(upstream:track)%00%(upstream:remotename)%00%(upstream:remoteref) refs/heads/main refs/remotes/main [1ms]
2024-10-21 03:29:38.365 [info] > git status -z -uall [5ms]
2024-10-21 03:29:38.366 [info] > git for-each-ref --sort -committerdate --format %(refname) %(objectname) %(*objectname) [2ms]
2024-10-21 03:29:49.201 [info] > git config --get commit.template [9ms]
2024-10-21 03:29:49.201 [info] > git for-each-ref --format=%(refname)%00%(upstream:short)%00%(objectname)%00%(upstream:track)%00%(upstream:remotename)%00%(upstream:remoteref) refs/heads/main refs/remotes/main [1ms]
2024-10-21 03:29:49.216 [info] > git status -z -uall [8ms]
2024-10-21 03:29:49.217 [info] > git for-each-ref --sort -committerdate --format %(refname) %(objectname) %(*objectname) [2ms]
2024-10-21 03:29:50.860 [info] > git show --textconv :api/server.js [9ms]
2024-10-21 03:29:50.860 [info] > git ls-files --stage -- /home/alex/workflow/anime-api/api/server.js [1ms]
2024-10-21 03:29:50.869 [info] > git cat-file -s 55235c346688e0fbcd434e723304e5a8a0a89465 [1ms]
2024-10-21 03:30:26.391 [info] > git log --format=%H%n%aN%n%aE%n%at%n%ct%n%P%n%D%n%B -z --shortstat --diff-merges=first-parent -n50 --skip=0 --topo-order --decorate=full --stdin [12ms]
2024-10-21 03:33:34.687 [info] > git config --get commit.template [10ms]
2024-10-21 03:33:34.688 [info] > git for-each-ref --format=%(refname)%00%(upstream:short)%00%(objectname)%00%(upstream:track)%00%(upstream:remotename)%00%(upstream:remoteref) refs/heads/main refs/remotes/main [2ms]
2024-10-21 03:33:34.706 [info] > git status -z -uall [10ms]
2024-10-21 03:33:34.706 [info] > git for-each-ref --sort -committerdate --format %(refname) %(objectname) %(*objectname) [1ms]
2024-10-21 03:33:44.345 [info] > git config --get commit.template [6ms]
2024-10-21 03:33:44.346 [info] > git for-each-ref --format=%(refname)%00%(upstream:short)%00%(objectname)%00%(upstream:track)%00%(upstream:remotename)%00%(upstream:remoteref) refs/heads/main refs/remotes/main [1ms]
2024-10-21 03:33:44.379 [info] > git status -z -uall [7ms]
2024-10-21 03:33:44.380 [info] > git for-each-ref --sort -committerdate --format %(refname) %(objectname) %(*objectname) [2ms]
2024-10-21 03:33:49.393 [info] > git config --get commit.template [5ms]
2024-10-21 03:33:49.394 [info] > git for-each-ref --format=%(refname)%00%(upstream:short)%00%(objectname)%00%(upstream:track)%00%(upstream:remotename)%00%(upstream:remoteref) refs/heads/main refs/remotes/main [1ms]
2024-10-21 03:33:49.404 [info] > git status -z -uall [4ms]
2024-10-21 03:33:49.404 [info] > git for-each-ref --sort -committerdate --format %(refname) %(objectname) %(*objectname) [1ms]
2024-10-21 03:33:54.419 [info] > git config --get commit.template [6ms]
2024-10-21 03:33:54.420 [info] > git for-each-ref --format=%(refname)%00%(upstream:short)%00%(objectname)%00%(upstream:track)%00%(upstream:remotename)%00%(upstream:remoteref) refs/heads/main refs/remotes/main [2ms]
2024-10-21 03:33:54.430 [info] > git status -z -uall [5ms]
2024-10-21 03:33:54.431 [info] > git for-each-ref --sort -committerdate --format %(refname) %(objectname) %(*objectname) [1ms]
2024-10-21 03:34:02.635 [info] > git config --get commit.template [6ms]
2024-10-21 03:34:02.636 [info] > git for-each-ref --format=%(refname)%00%(upstream:short)%00%(objectname)%00%(upstream:track)%00%(upstream:remotename)%00%(upstream:remoteref) refs/heads/main refs/remotes/main [1ms]
2024-10-21 03:34:02.645 [info] > git status -z -uall [5ms]
2024-10-21 03:34:02.645 [info] > git for-each-ref --sort -committerdate --format %(refname) %(objectname) %(*objectname) [0ms]
2024-10-21 03:34:19.747 [info] > git config --get commit.template [6ms]
2024-10-21 03:34:19.748 [info] > git for-each-ref --format=%(refname)%00%(upstream:short)%00%(objectname)%00%(upstream:track)%00%(upstream:remotename)%00%(upstream:remoteref) refs/heads/main refs/remotes/main [1ms]
2024-10-21 03:34:19.759 [info] > git status -z -uall [6ms]
2024-10-21 03:34:19.759 [info] > git for-each-ref --sort -committerdate --format %(refname) %(objectname) %(*objectname) [1ms]
2024-10-21 03:39:16.758 [info] > git config --get commit.template [7ms]
2024-10-21 03:39:16.758 [info] > git for-each-ref --format=%(refname)%00%(upstream:short)%00%(objectname)%00%(upstream:track)%00%(upstream:remotename)%00%(upstream:remoteref) refs/heads/main refs/remotes/main [1ms]
2024-10-21 03:39:16.768 [info] > git status -z -uall [6ms]
2024-10-21 03:39:16.768 [info] > git for-each-ref --sort -committerdate --format %(refname) %(objectname) %(*objectname) [1ms]
2024-10-21 03:39:21.784 [info] > git config --get commit.template [6ms]
2024-10-21 03:39:21.784 [info] > git for-each-ref --format=%(refname)%00%(upstream:short)%00%(objectname)%00%(upstream:track)%00%(upstream:remotename)%00%(upstream:remoteref) refs/heads/main refs/remotes/main [1ms]
2024-10-21 03:39:21.795 [info] > git status -z -uall [6ms]
2024-10-21 03:39:21.796 [info] > git for-each-ref --sort -committerdate --format %(refname) %(objectname) %(*objectname) [2ms]
2024-10-21 03:39:32.398 [info] > git config --get commit.template [5ms]
2024-10-21 03:39:32.399 [info] > git for-each-ref --format=%(refname)%00%(upstream:short)%00%(objectname)%00%(upstream:track)%00%(upstream:remotename)%00%(upstream:remoteref) refs/heads/main refs/remotes/main [2ms]
2024-10-21 03:39:32.409 [info] > git status -z -uall [5ms]
2024-10-21 03:39:32.410 [info] > git for-each-ref --sort -committerdate --format %(refname) %(objectname) %(*objectname) [1ms]
2024-10-21 03:39:37.426 [info] > git config --get commit.template [7ms]
2024-10-21 03:39:37.427 [info] > git for-each-ref --format=%(refname)%00%(upstream:short)%00%(objectname)%00%(upstream:track)%00%(upstream:remotename)%00%(upstream:remoteref) refs/heads/main refs/remotes/main [2ms]
2024-10-21 03:39:37.436 [info] > git status -z -uall [5ms]
2024-10-21 03:39:37.437 [info] > git for-each-ref --sort -committerdate --format %(refname) %(objectname) %(*objectname) [1ms]
2024-10-21 03:39:48.539 [info] > git config --get commit.template [2ms]
2024-10-21 03:39:48.545 [info] > git for-each-ref --format=%(refname)%00%(upstream:short)%00%(objectname)%00%(upstream:track)%00%(upstream:remotename)%00%(upstream:remoteref) refs/heads/main refs/remotes/main [1ms]
2024-10-21 03:39:48.557 [info] > git status -z -uall [6ms]
2024-10-21 03:39:48.558 [info] > git for-each-ref --sort -committerdate --format %(refname) %(objectname) %(*objectname) [2ms]
2024-10-21 03:41:24.573 [info] > git config --get commit.template [8ms]
2024-10-21 03:41:24.580 [info] > git ls-files --stage -- /home/alex/workflow/anime-api/api/server.js [7ms]
2024-10-21 03:41:24.585 [info] > git for-each-ref --format=%(refname)%00%(upstream:short)%00%(objectname)%00%(upstream:track)%00%(upstream:remotename)%00%(upstream:remoteref) refs/heads/main refs/remotes/main [5ms]
2024-10-21 03:41:24.599 [info] > git status -z -uall [8ms]
2024-10-21 03:41:24.599 [info] > git cat-file -s 55235c346688e0fbcd434e723304e5a8a0a89465 [15ms]
2024-10-21 03:41:24.599 [info] > git for-each-ref --sort -committerdate --format %(refname) %(objectname) %(*objectname) [1ms]
2024-10-21 03:41:24.608 [info] > git show --textconv :api/server.js [1ms]
2024-10-21 03:43:13.924 [info] > git show --textconv :src/utils/baseUrl.js [8ms]
2024-10-21 03:43:13.925 [info] > git ls-files --stage -- /home/alex/workflow/anime-api/src/utils/baseUrl.js [1ms]
2024-10-21 03:43:13.934 [info] > git cat-file -s ed646ebae743417db0f31c137202470eb91b02c0 [2ms]
2024-10-21 03:44:10.103 [info] > git config --get commit.template [9ms]
2024-10-21 03:44:10.104 [info] > git for-each-ref --format=%(refname)%00%(upstream:short)%00%(objectname)%00%(upstream:track)%00%(upstream:remotename)%00%(upstream:remoteref) refs/heads/main refs/remotes/main [1ms]
2024-10-21 03:44:10.124 [info] > git status -z -uall [12ms]
2024-10-21 03:44:10.125 [info] > git for-each-ref --sort -committerdate --format %(refname) %(objectname) %(*objectname) [2ms]
2024-10-21 03:47:16.814 [info] > git config --get commit.template [12ms]
2024-10-21 03:47:16.816 [info] > git for-each-ref --format=%(refname)%00%(upstream:short)%00%(objectname)%00%(upstream:track)%00%(upstream:remotename)%00%(upstream:remoteref) refs/heads/main refs/remotes/main [3ms]
2024-10-21 03:47:16.834 [info] > git status -z -uall [10ms]
2024-10-21 03:47:16.835 [info] > git for-each-ref --sort -committerdate --format %(refname) %(objectname) %(*objectname) [1ms]
2024-10-21 03:53:25.205 [info] > git config --get commit.template [22ms]
2024-10-21 03:53:25.208 [info] > git for-each-ref --format=%(refname)%00%(upstream:short)%00%(objectname)%00%(upstream:track)%00%(upstream:remotename)%00%(upstream:remoteref) refs/heads/main refs/remotes/main [4ms]
2024-10-21 03:53:25.248 [info] > git status -z -uall [25ms]
2024-10-21 03:53:25.248 [info] > git for-each-ref --sort -committerdate --format %(refname) %(objectname) %(*objectname) [6ms]
2024-10-21 03:53:35.575 [info] > git for-each-ref --format=%(refname)%00%(upstream:short)%00%(objectname)%00%(upstream:track)%00%(upstream:remotename)%00%(upstream:remoteref) refs/heads/main refs/remotes/main [2ms]
2024-10-21 03:53:35.575 [info] > git config --get commit.template [16ms]
2024-10-21 03:53:35.608 [info] > git status -z -uall [18ms]
2024-10-21 03:53:35.610 [info] > git for-each-ref --sort -committerdate --format %(refname) %(objectname) %(*objectname) [3ms]
2024-10-21 03:53:37.001 [info] > git show --textconv :api/server.js [9ms]
2024-10-21 03:53:37.002 [info] > git ls-files --stage -- /home/alex/workflow/anime-api/api/server.js [2ms]
2024-10-21 03:53:37.016 [info] > git cat-file -s 55235c346688e0fbcd434e723304e5a8a0a89465 [2ms]
2024-10-21 03:53:44.004 [info] > git config --get commit.template [2ms]
2024-10-21 03:53:44.023 [info] > git for-each-ref --format=%(refname)%00%(upstream:short)%00%(objectname)%00%(upstream:track)%00%(upstream:remotename)%00%(upstream:remoteref) refs/heads/main refs/remotes/main [3ms]
2024-10-21 03:53:44.059 [info] > git status -z -uall [20ms]
2024-10-21 03:53:44.059 [info] > git for-each-ref --sort -committerdate --format %(refname) %(objectname) %(*objectname) [1ms]
2024-10-21 03:57:30.696 [info] > git config --get commit.template [5ms]
2024-10-21 03:57:30.697 [info] > git for-each-ref --format=%(refname)%00%(upstream:short)%00%(objectname)%00%(upstream:track)%00%(upstream:remotename)%00%(upstream:remoteref) refs/heads/main refs/remotes/main [1ms]
2024-10-21 03:57:30.706 [info] > git status -z -uall [4ms]
2024-10-21 03:57:30.707 [info] > git for-each-ref --sort -committerdate --format %(refname) %(objectname) %(*objectname) [1ms]
2024-10-21 03:57:35.721 [info] > git config --get commit.template [6ms]
2024-10-21 03:57:35.722 [info] > git for-each-ref --format=%(refname)%00%(upstream:short)%00%(objectname)%00%(upstream:track)%00%(upstream:remotename)%00%(upstream:remoteref) refs/heads/main refs/remotes/main [1ms]
2024-10-21 03:57:35.731 [info] > git status -z -uall [5ms]
2024-10-21 03:57:35.732 [info] > git for-each-ref --sort -committerdate --format %(refname) %(objectname) %(*objectname) [1ms]
2024-10-21 03:57:59.378 [info] > git log --format=%H%n%aN%n%aE%n%at%n%ct%n%P%n%D%n%B -z --shortstat --diff-merges=first-parent -n50 --skip=0 --topo-order --decorate=full --stdin [54ms]
2024-10-21 03:58:25.049 [info] > git config --get commit.template [2ms]
2024-10-21 03:58:25.059 [info] > git ls-files --stage -- /home/alex/workflow/anime-api/api/server.js [5ms]
2024-10-21 03:58:25.063 [info] > git for-each-ref --format=%(refname)%00%(upstream:short)%00%(objectname)%00%(upstream:track)%00%(upstream:remotename)%00%(upstream:remoteref) refs/heads/main refs/remotes/main [4ms]
2024-10-21 03:58:25.073 [info] > git status -z -uall [5ms]
2024-10-21 03:58:25.073 [info] > git cat-file -s 71a4b2e297d91c91fa9d3227f30de9a8f40b8eb5 [10ms]
2024-10-21 03:58:25.074 [info] > git for-each-ref --sort -committerdate --format %(refname) %(objectname) %(*objectname) [2ms]
2024-10-21 03:58:25.082 [info] > git show --textconv :api/server.js [1ms]
2024-10-21 03:58:30.089 [info] > git config --get commit.template [5ms]
2024-10-21 03:58:30.090 [info] > git for-each-ref --format=%(refname)%00%(upstream:short)%00%(objectname)%00%(upstream:track)%00%(upstream:remotename)%00%(upstream:remoteref) refs/heads/main refs/remotes/main [1ms]
2024-10-21 03:58:30.100 [info] > git status -z -uall [5ms]
2024-10-21 03:58:30.101 [info] > git for-each-ref --sort -committerdate --format %(refname) %(objectname) %(*objectname) [1ms]
2024-10-21 03:59:17.390 [info] > git config --get commit.template [2ms]
2024-10-21 03:59:17.401 [info] > git ls-files --stage -- /home/alex/workflow/anime-api/api/server.js [6ms]
2024-10-21 03:59:17.406 [info] > git for-each-ref --format=%(refname)%00%(upstream:short)%00%(objectname)%00%(upstream:track)%00%(upstream:remotename)%00%(upstream:remoteref) refs/heads/main refs/remotes/main [5ms]
2024-10-21 03:59:17.415 [info] > git status -z -uall [4ms]
2024-10-21 03:59:17.415 [info] > git cat-file -s 71a4b2e297d91c91fa9d3227f30de9a8f40b8eb5 [10ms]
2024-10-21 03:59:17.416 [info] > git for-each-ref --sort -committerdate --format %(refname) %(objectname) %(*objectname) [2ms]
2024-10-21 03:59:17.424 [info] > git show --textconv :api/server.js [2ms]
2024-10-21 03:59:17.457 [info] > git log --format=%H%n%aN%n%aE%n%at%n%ct%n%P%n%D%n%B -z --shortstat --diff-merges=first-parent -n50 --skip=0 --topo-order --decorate=full --stdin [5ms]
2024-10-21 03:59:33.141 [info] > git add -A -- . [53ms]
2024-10-21 03:59:33.298 [info] > git -c user.useConfigOnly=true commit --quiet --allow-empty-message --file - [151ms]
2024-10-21 03:59:33.305 [info] > git config --get commit.template [1ms]
2024-10-21 03:59:33.314 [info] > git config --get commit.template [1ms]
2024-10-21 03:59:33.326 [info] > git for-each-ref --format=%(refname)%00%(upstream:short)%00%(objectname)%00%(upstream:track)%00%(upstream:remotename)%00%(upstream:remoteref) refs/heads/main refs/remotes/main [2ms]
2024-10-21 03:59:33.343 [info] > git status -z -uall [8ms]
2024-10-21 03:59:33.344 [info] > git for-each-ref --sort -committerdate --format %(refname) %(objectname) %(*objectname) [2ms]
2024-10-21 03:59:33.383 [info] > git log --format=%H%n%aN%n%aE%n%at%n%ct%n%P%n%D%n%B -z --shortstat --diff-merges=first-parent -n50 --skip=0 --topo-order --decorate=full --stdin [6ms]
2024-10-21 03:59:33.403 [info] > git config --get commit.template [8ms]
2024-10-21 03:59:33.404 [info] > git for-each-ref --format=%(refname)%00%(upstream:short)%00%(objectname)%00%(upstream:track)%00%(upstream:remotename)%00%(upstream:remoteref) refs/heads/main refs/remotes/main [0ms]
2024-10-21 03:59:33.418 [info] > git status -z -uall [7ms]
2024-10-21 03:59:33.419 [info] > git for-each-ref --sort -committerdate --format %(refname) %(objectname) %(*objectname) [1ms]
2024-10-21 03:59:34.385 [info] > git ls-files --stage -- /home/alex/workflow/anime-api/api/server.js [1ms]
2024-10-21 03:59:34.393 [info] > git cat-file -s 71a4b2e297d91c91fa9d3227f30de9a8f40b8eb5 [1ms]
2024-10-21 03:59:34.424 [info] > git show --textconv :api/server.js [2ms]
2024-10-21 04:00:43.576 [info] > git config --get commit.template [7ms]
2024-10-21 04:00:43.576 [info] > git for-each-ref --format=%(refname)%00%(upstream:short)%00%(objectname)%00%(upstream:track)%00%(upstream:remotename)%00%(upstream:remoteref) refs/heads/main refs/remotes/main [1ms]
2024-10-21 04:00:43.588 [info] > git status -z -uall [5ms]
2024-10-21 04:00:43.589 [info] > git for-each-ref --sort -committerdate --format %(refname) %(objectname) %(*objectname) [1ms]
2024-10-21 04:05:55.232 [info] > git config --get commit.template [2ms]
2024-10-21 04:05:55.239 [info] > git for-each-ref --format=%(refname)%00%(upstream:short)%00%(objectname)%00%(upstream:track)%00%(upstream:remotename)%00%(upstream:remoteref) refs/heads/main refs/remotes/main [1ms]
2024-10-21 04:05:55.252 [info] > git status -z -uall [7ms]
2024-10-21 04:05:55.253 [info] > git for-each-ref --sort -committerdate --format %(refname) %(objectname) %(*objectname) [1ms]
2024-10-21 04:08:11.575 [info] > git config --get commit.template [5ms]
2024-10-21 04:08:11.575 [info] > git for-each-ref --format=%(refname)%00%(upstream:short)%00%(objectname)%00%(upstream:track)%00%(upstream:remotename)%00%(upstream:remoteref) refs/heads/main refs/remotes/main [1ms]
2024-10-21 04:08:11.588 [info] > git status -z -uall [7ms]
2024-10-21 04:08:11.589 [info] > git for-each-ref --sort -committerdate --format %(refname) %(objectname) %(*objectname) [2ms]
