2024-10-21 02:51:02.163 [info] [main] Log level: Info
2024-10-21 02:51:02.163 [info] [main] Validating found git in: "git"
2024-10-21 02:51:02.163 [info] [main] Using git "2.47.0" from "git"
2024-10-21 02:51:02.163 [info] [Model][doInitialScan] Initial repository scan started
2024-10-21 02:51:02.163 [info] > git rev-parse --show-toplevel [2ms]
2024-10-21 02:51:02.163 [info] > git rev-parse --git-dir --git-common-dir [1ms]
2024-10-21 02:51:02.163 [info] [Model][openRepository] Opened repository: /home/alex/workflow/anime-api
2024-10-21 02:51:02.163 [info] > git rev-parse --show-toplevel [5ms]
2024-10-21 02:51:02.163 [info] > git config --get commit.template [11ms]
2024-10-21 02:51:02.164 [info] > git rev-parse --show-toplevel [10ms]
2024-10-21 02:51:02.175 [info] > git for-each-ref --format=%(refname)%00%(upstream:short)%00%(objectname)%00%(upstream:track)%00%(upstream:remotename)%00%(upstream:remoteref) refs/heads/main refs/remotes/main [13ms]
2024-10-21 02:51:02.201 [info] > git status -z -uall [19ms]
2024-10-21 02:51:02.202 [info] > git for-each-ref --sort -committerdate --format %(refname) %(objectname) %(*objectname) [12ms]
2024-10-21 02:51:02.211 [info] > git rev-parse --show-toplevel [37ms]
2024-10-21 02:51:02.212 [info] [Model][doInitialScan] Initial repository scan completed - repositories (1), closed repositories (0), parent repositories (0), unsafe repositories (0)
2024-10-21 02:51:02.224 [info] > git for-each-ref --format=%(refname)%00%(upstream:short)%00%(objectname)%00%(upstream:track)%00%(upstream:remotename)%00%(upstream:remoteref) refs/heads/main refs/remotes/main [16ms]
2024-10-21 02:51:02.236 [info] > git config --local branch.main.vscode-merge-base [4ms]
2024-10-21 02:51:02.236 [warning] [Git][config] git config failed: Failed to execute git
2024-10-21 02:51:02.241 [info] > git config --get commit.template [18ms]
2024-10-21 02:51:02.249 [info] > git reflog main --grep-reflog=branch: Created from *. [8ms]
2024-10-21 02:51:02.273 [info] > git symbolic-ref --short refs/remotes/origin/HEAD [18ms]
2024-10-21 02:51:02.273 [info] fatal: ref refs/remotes/origin/HEAD is not a symbolic ref
2024-10-21 02:51:02.273 [warning] [Repository][getDefaultBranch] Failed to get default branch details: Failed to execute git.
2024-10-21 02:51:02.281 [info] > git for-each-ref --format=%(refname)%00%(upstream:short)%00%(objectname)%00%(upstream:track)%00%(upstream:remotename)%00%(upstream:remoteref) refs/heads/main refs/remotes/main [9ms]
2024-10-21 02:51:02.293 [info] > git status -z -uall [6ms]
2024-10-21 02:51:02.294 [info] > git for-each-ref --sort -committerdate --format %(refname) %(objectname) %(*objectname) [2ms]
2024-10-21 02:51:02.665 [info] > git check-ignore -v -z --stdin [2ms]
2024-10-21 02:51:22.167 [info] > git check-ignore -v -z --stdin [1ms]
2024-10-21 02:51:24.061 [info] > git config --get commit.template [7ms]
2024-10-21 02:51:24.061 [info] > git for-each-ref --format=%(refname)%00%(upstream:short)%00%(objectname)%00%(upstream:track)%00%(upstream:remotename)%00%(upstream:remoteref) refs/heads/main refs/remotes/main [1ms]
2024-10-21 02:51:24.073 [info] > git status -z -uall [7ms]
2024-10-21 02:51:24.074 [info] > git for-each-ref --sort -committerdate --format %(refname) %(objectname) %(*objectname) [1ms]
2024-10-21 02:51:25.205 [info] > git show --textconv :LICENSE [7ms]
2024-10-21 02:51:25.205 [info] > git ls-files --stage -- /home/alex/workflow/anime-api/LICENSE [1ms]
2024-10-21 02:51:25.212 [info] > git cat-file -s 7b9022c4f8ce73f02e21bcb1d4d54e1050410fb0 [1ms]
2024-10-21 02:51:25.467 [info] > git show --textconv :.gitignore [6ms]
2024-10-21 02:51:25.468 [info] > git ls-files --stage -- /home/alex/workflow/anime-api/.gitignore [2ms]
2024-10-21 02:51:25.473 [info] > git cat-file -s 6ef96e5268dd1a8af0c2ae7b9770297a60c38df9 [1ms]
2024-10-21 02:52:02.049 [info] > git show --textconv :README.md [10ms]
2024-10-21 02:52:02.049 [info] > git ls-files --stage -- /home/alex/workflow/anime-api/README.md [2ms]
2024-10-21 02:52:02.075 [info] > git cat-file -s bc30bb5df39b75182ced1f4e3f3549003040601b [19ms]
2024-10-21 02:52:03.507 [info] > git show --textconv :package.json [6ms]
2024-10-21 02:52:03.508 [info] > git ls-files --stage -- /home/alex/workflow/anime-api/package.json [1ms]
2024-10-21 02:52:03.514 [info] > git cat-file -s f3b4334b25aa0253f8ccbeca28cbc87ff551bb45 [2ms]
2024-10-21 02:52:16.394 [info] > git show --textconv :README.md [7ms]
2024-10-21 02:52:16.395 [info] > git ls-files --stage -- /home/alex/workflow/anime-api/README.md [2ms]
2024-10-21 02:52:16.402 [info] > git cat-file -s bc30bb5df39b75182ced1f4e3f3549003040601b [2ms]
2024-10-21 02:53:38.180 [info] > git config --get commit.template [8ms]
2024-10-21 02:53:38.181 [info] > git for-each-ref --format=%(refname)%00%(upstream:short)%00%(objectname)%00%(upstream:track)%00%(upstream:remotename)%00%(upstream:remoteref) refs/heads/main refs/remotes/main [1ms]
2024-10-21 02:53:38.194 [info] > git status -z -uall [7ms]
2024-10-21 02:53:38.195 [info] > git for-each-ref --sort -committerdate --format %(refname) %(objectname) %(*objectname) [2ms]
2024-10-21 02:54:32.437 [info] > git config --get commit.template [6ms]
2024-10-21 02:54:32.437 [info] > git for-each-ref --format=%(refname)%00%(upstream:short)%00%(objectname)%00%(upstream:track)%00%(upstream:remotename)%00%(upstream:remoteref) refs/heads/main refs/remotes/main [1ms]
2024-10-21 02:54:32.450 [info] > git status -z -uall [7ms]
2024-10-21 02:54:32.450 [info] > git for-each-ref --sort -committerdate --format %(refname) %(objectname) %(*objectname) [1ms]
2024-10-21 02:55:13.306 [info] > git config --get commit.template [6ms]
2024-10-21 02:55:13.307 [info] > git for-each-ref --format=%(refname)%00%(upstream:short)%00%(objectname)%00%(upstream:track)%00%(upstream:remotename)%00%(upstream:remoteref) refs/heads/main refs/remotes/main [2ms]
2024-10-21 02:55:13.321 [info] > git status -z -uall [8ms]
2024-10-21 02:55:13.328 [info] > git for-each-ref --sort -committerdate --format %(refname) %(objectname) %(*objectname) [8ms]
2024-10-21 02:55:13.330 [info] > git ls-files --stage -- /home/alex/workflow/anime-api/README.md [3ms]
2024-10-21 02:55:13.338 [info] > git cat-file -s 06c6913b08890f906410d2e6a45634edf9dcaae6 [1ms]
2024-10-21 02:55:13.348 [info] > git show --textconv :README.md [2ms]
2024-10-21 02:55:16.124 [info] > git check-ignore -v -z --stdin [1ms]
2024-10-21 02:55:16.436 [info] > git show --textconv :api/server.js [11ms]
2024-10-21 02:55:16.436 [info] > git ls-files --stage -- /home/alex/workflow/anime-api/api/server.js [2ms]
2024-10-21 02:55:16.445 [info] > git cat-file -s 0c3620c69e2d3d00a1ad08148a23624d0e652071 [1ms]
2024-10-21 02:55:18.345 [info] > git config --get commit.template [8ms]
2024-10-21 02:55:18.345 [info] > git for-each-ref --format=%(refname)%00%(upstream:short)%00%(objectname)%00%(upstream:track)%00%(upstream:remotename)%00%(upstream:remoteref) refs/heads/main refs/remotes/main [1ms]
2024-10-21 02:55:18.359 [info] > git status -z -uall [7ms]
2024-10-21 02:55:18.360 [info] > git for-each-ref --sort -committerdate --format %(refname) %(objectname) %(*objectname) [2ms]
2024-10-21 02:55:25.918 [info] > git check-ignore -v -z --stdin [1ms]
2024-10-21 02:58:07.606 [info] > git config --get commit.template [5ms]
2024-10-21 02:58:07.607 [info] > git for-each-ref --format=%(refname)%00%(upstream:short)%00%(objectname)%00%(upstream:track)%00%(upstream:remotename)%00%(upstream:remoteref) refs/heads/main refs/remotes/main [1ms]
2024-10-21 02:58:07.617 [info] > git status -z -uall [5ms]
2024-10-21 02:58:07.618 [info] > git for-each-ref --sort -committerdate --format %(refname) %(objectname) %(*objectname) [1ms]
2024-10-21 02:58:16.954 [info] > git config --get commit.template [7ms]
2024-10-21 02:58:16.955 [info] > git for-each-ref --format=%(refname)%00%(upstream:short)%00%(objectname)%00%(upstream:track)%00%(upstream:remotename)%00%(upstream:remoteref) refs/heads/main refs/remotes/main [1ms]
2024-10-21 02:58:16.970 [info] > git status -z -uall [8ms]
2024-10-21 02:58:16.970 [info] > git for-each-ref --sort -committerdate --format %(refname) %(objectname) %(*objectname) [1ms]
2024-10-21 02:58:21.984 [info] > git config --get commit.template [6ms]
2024-10-21 02:58:21.984 [info] > git for-each-ref --format=%(refname)%00%(upstream:short)%00%(objectname)%00%(upstream:track)%00%(upstream:remotename)%00%(upstream:remoteref) refs/heads/main refs/remotes/main [1ms]
2024-10-21 02:58:21.995 [info] > git status -z -uall [6ms]
2024-10-21 02:58:21.996 [info] > git for-each-ref --sort -committerdate --format %(refname) %(objectname) %(*objectname) [1ms]
2024-10-21 02:58:27.015 [info] > git config --get commit.template [9ms]
2024-10-21 02:58:27.016 [info] > git for-each-ref --format=%(refname)%00%(upstream:short)%00%(objectname)%00%(upstream:track)%00%(upstream:remotename)%00%(upstream:remoteref) refs/heads/main refs/remotes/main [1ms]
2024-10-21 02:58:27.031 [info] > git status -z -uall [8ms]
2024-10-21 02:58:27.032 [info] > git for-each-ref --sort -committerdate --format %(refname) %(objectname) %(*objectname) [1ms]
2024-10-21 02:58:27.114 [info] > git check-ignore -v -z --stdin [1ms]
2024-10-21 02:58:32.052 [info] > git config --get commit.template [10ms]
2024-10-21 02:58:32.053 [info] > git for-each-ref --format=%(refname)%00%(upstream:short)%00%(objectname)%00%(upstream:track)%00%(upstream:remotename)%00%(upstream:remoteref) refs/heads/main refs/remotes/main [2ms]
2024-10-21 02:58:32.070 [info] > git status -z -uall [11ms]
2024-10-21 02:58:32.071 [info] > git for-each-ref --sort -committerdate --format %(refname) %(objectname) %(*objectname) [1ms]
2024-10-21 02:58:33.381 [info] > git log --format=%H%n%aN%n%aE%n%at%n%ct%n%P%n%D%n%B -z --shortstat --diff-merges=first-parent -n50 --skip=0 --topo-order --decorate=full --stdin [23ms]
2024-10-21 02:58:56.029 [info] > git config --get commit.template [11ms]
2024-10-21 02:58:56.029 [info] > git for-each-ref --format=%(refname)%00%(upstream:short)%00%(objectname)%00%(upstream:track)%00%(upstream:remotename)%00%(upstream:remoteref) refs/heads/main refs/remotes/main [1ms]
2024-10-21 02:58:56.047 [info] > git status -z -uall [12ms]
2024-10-21 02:58:56.048 [info] > git for-each-ref --sort -committerdate --format %(refname) %(objectname) %(*objectname) [3ms]
2024-10-21 02:59:49.948 [info] > git config --get commit.template [2ms]
2024-10-21 02:59:49.955 [info] > git for-each-ref --format=%(refname)%00%(upstream:short)%00%(objectname)%00%(upstream:track)%00%(upstream:remotename)%00%(upstream:remoteref) refs/heads/main refs/remotes/main [1ms]
2024-10-21 02:59:49.966 [info] > git status -z -uall [6ms]
2024-10-21 02:59:49.967 [info] > git for-each-ref --sort -committerdate --format %(refname) %(objectname) %(*objectname) [1ms]
